Drill Listing
=============
Drill: .012  Tool: 1  Feed: 95  Speed: 300
X 69291  Y -149606
X 48818  Y -105511
X 47244  Y -99212
X 51968  Y -79527
X 74803  Y -79527
X 63105  Y -34988
X 24015  Y -31889
X 59981  Y -27559
X 74015  Y -15748
X 74015  Y 787
X 62992  Y 17716
X 58472  Y 27370
X 37401  Y 37401
X 136220  Y 103937
X 184251  Y 96062
X 86614  Y -131496
X 185039  Y -135433
X 270078  Y -173228
X 280511  Y -145669
X 266732  Y -144685
X 252755  Y -129921
X 245669  Y -122834
X 242519  Y -119685
X 247244  Y -116535
X 239370  Y -113385
X 259055  Y 12598
X 262992  Y 12598
X 264992  Y 109791
X 273228  Y 133070
X 326147  Y 22492
X 326035  Y -13616
X 316150  Y -33070
X 316150  Y -94094
X 302362  Y -94094
X 329133  Y -109842
X 306299  Y -117322
X 308661  Y -122047
X 312598  Y -122834
X 303937  Y -132283
X 324803  Y -154527
X 302165  Y -186614
X 312007  Y -186614
X 292125  Y -186614
X 321850  Y -186811
X 334645  Y -186614
X 374015  Y -145669
X 374015  Y -123622
X 363385  Y -103149
X 363385  Y -97244
X 363385  Y -93307
X 331496  Y -93307
X 363385  Y -89370
X 331496  Y -88307
X 363385  Y -83464
X 356692  Y -77952
X 364566  Y -64566
X 368503  Y -61417
X 368503  Y -58267
X 363779  Y -55118
X 368503  Y -51968
X 368503  Y -48818
X 338643  Y -45610
X 348640  Y -45610
X 368503  Y -42519
X 363779  Y -39370
X 333644  Y -36238
X 351145  Y -36078
X 368503  Y -33070
X 351145  Y -32657
X 364566  Y -29921
X 368503  Y -26771
X 363779  Y -23622
X 368503  Y -20472
X 366141  Y -17322
X 370508  Y -14173
X 366141  Y -11023
X 368503  Y -1574
X 368503  Y 1574
X 368503  Y 4724
X 370078  Y 7874
X 366929  Y 11023
X 333644  Y 11871
X 368503  Y 23622
X 368503  Y 26771
X 368503  Y 29921
X 355188  Y 32657
X 368503  Y 36220
X 349889  Y 41861
X 368503  Y 42519
X 355188  Y 42610
X 368503  Y 51968
X 355188  Y 55051
X 368503  Y 55118
X 343016  Y 56232
X 368503  Y 58267
X 368503  Y 61417
X 394488  Y 133070
X 403937  Y 132283
X 388188  Y 87401
X 403937  Y 86614
X 394488  Y 86614
X 400787  Y 84251
X 381889  Y 82677
X 397637  Y 80314
X 391338  Y 79527
X 385039  Y 79527
X 400787  Y -80314
X 388188  Y -80314
X 394488  Y -80314
X 381889  Y -80314
X 403937  Y -83464
X 385039  Y -85826
X 391338  Y -85826
X 397637  Y -85826
X 406299  Y -117322
X 433858  Y -169291
X 443307  Y -169291
X 433070  Y -155905
X 435433  Y -110236
X 451968  Y -108090
X 432283  Y -107086
X 450393  Y -104966
X 422834  Y -83464
X 410236  Y -82677
X 416535  Y -82677
X 448031  Y -82677
X 440157  Y -80314
X 454330  Y -80314
X 407086  Y -80314
X 419685  Y -80314
X 413385  Y -80314
X 444881  Y -80314
X 435433  Y -80314
X 432283  Y -80314
X 432283  Y 80244
X 413385  Y 80314
X 425984  Y 80314
X 419685  Y 80314
X 451181  Y 80314
X 438582  Y 80314
X 444881  Y 80314
X 407086  Y 80314
X 454330  Y 83464
X 441732  Y 86614
X 416535  Y 86614
X 410236  Y 86614
X 429133  Y 86614
X 448031  Y 86614
X 435433  Y 86614
X 422834  Y 86614
X 432283  Y 109791
X 454330  Y 125984
X 477165  Y 124035
X 478740  Y 109035
X 492125  Y 86614
X 504724  Y 86614
X 498425  Y 86614
X 460629  Y 85826
X 466929  Y 83464
X 476377  Y 80314
X 470078  Y 80314
X 457480  Y 80314
X 479527  Y 80314
X 482677  Y 80314
X 463779  Y 80314
X 485826  Y 80314
X 495275  Y 80314
X 501574  Y 80314
X 488976  Y 80314
X 476377  Y -80314
X 479527  Y -80314
X 485826  Y -80314
X 463779  Y -80314
X 473400  Y -82200
X 482677  Y -83464
X 501574  Y -86614
X 488976  Y -86614
X 495250  Y -91250
X 493750  Y -94488
X 498425  Y -104966
X 504724  Y -136250
X 497637  Y -181102
X 553500  Y -141250
X 507874  Y -86614
X 511023  Y -80314
X 520472  Y -80314
X 535456  Y -64566
X 541704  Y -58106
X 552325  Y -58106
X 537000  Y -55000
X 535456  Y -51968
X 542750  Y -50000
X 549350  Y -47485
X 542750  Y -45000
X 537007  Y -42519
X 544094  Y -39370
X 537007  Y -36220
X 540000  Y -33070
X 537007  Y -29921
X 542750  Y -27500
X 537007  Y -23622
X 542750  Y -22500
X 542750  Y -17500
X 542750  Y -12500
X 537007  Y -7874
X 552250  Y -7500
X 542750  Y -7500
X 538582  Y -4724
X 540500  Y -1574
X 537007  Y 1574
X 556250  Y 5000
X 537000  Y 7874
X 541732  Y 11023
X 537007  Y 14173
X 539829  Y 17322
X 537007  Y 20472
X 541732  Y 23622
X 537007  Y 26771
X 541732  Y 29921
X 537007  Y 33070
X 541732  Y 36220
X 537007  Y 39370
X 541732  Y 42519
X 537007  Y 45669
X 540944  Y 48818
X 537007  Y 51968
X 537007  Y 55118
X 537007  Y 64566
X 520472  Y 80314
X 511023  Y 80314
X 507874  Y 80314
X 514173  Y 80314
X 525984  Y 81102
X 522047  Y 108661
X 529133  Y 111811
X 522047  Y 114173
X 577165  Y 133858
X 583464  Y 119409
X 556692  Y 119389
X 597637  Y 119389
X 597787  Y 114456
X 583464  Y 114409
X 556692  Y 114370
X 599901  Y 109448
X 556692  Y 109409
X 583464  Y 109409
X 602310  Y 85689
X 570866  Y 77952
X 581102  Y 75590
X 597637  Y 75590
X 562322  Y 28740
X 602310  Y 17494
X 562322  Y -73101
X 596062  Y -89971
X 600000  Y -170000
X 621259  Y -176250
X 612500  Y -176250
X 625500  Y -176250
X 630000  Y -176250
X 638500  Y -176250
X 634250  Y -176250
X 616750  Y -173750
X 654250  Y -92500
X 651000  Y -86250
X 631000  Y -86250
X 631000  Y -49984
X 635000  Y -39188
X 638750  Y -28750
X 642500  Y -25000
X 724409  Y 158267
X 727750  Y -11250
X 680000  Y -31413
X 675000  Y -33901
X 668500  Y -44476
X 661250  Y -50000
X 747889  Y -171196
X 737748  Y -168263
X 742716  Y -164948
X 767295  Y -48830
X 762716  Y -46031
X 737750  Y -21250
X 742750  Y -17500
X 732750  Y -13750
X 777559  Y 45720
X 753543  Y 102362
X 766141  Y 105511
X 774015  Y 112736
X 775196  Y 139370
X 771653  Y 139763
X 756692  Y 144881
X 766929  Y 149606
X 733070  Y 151968
X 740157  Y 157480
X 757480  Y 163779
X 777952  Y 163779
X 781102  Y 164566
X 766929  Y 169291
X 800000  Y 169291
X 788976  Y 162992
X 792913  Y 150984
X 811023  Y 149606
X 811023  Y 142519
X 801574  Y 138582
X 785039  Y 122834
X 792863  Y 122834
X 800787  Y 112736
X 820472  Y 102362
X 830708  Y 71653
X 829133  Y 61417
X 830363  Y -5623
X 830363  Y -17494
X 830363  Y -29365
X 830363  Y -41237
X 787822  Y -53108
X 825989  Y -55607
X 797873  Y -55607
X 830000  Y -64979
X 792716  Y -74976
X 815992  Y -83098
X 782716  Y -135295
X 824740  Y -179943
X 859980  Y -121299
X 869000  Y -93618
X 855003  Y -89885
X 837750  Y -59981
X 877848  Y -45610
X 865977  Y -45610
X 872225  Y -45610
X 840985  Y -41237
X 842234  Y -35613
X 872047  Y -31889
X 866141  Y -31889
X 858267  Y -29921
X 840360  Y -29365
X 842234  Y -23742
X 840360  Y -17494
X 842234  Y -11871
X 840985  Y -5905
X 842234  Y 0
X 832283  Y 77952
X 835433  Y 79527
X 838582  Y 81889
X 839370  Y 90551
X 879133  Y 149212
X 832283  Y 162992
X 855905  Y 171653
X 906299  Y 118897
X 896850  Y 118110
X 918110  Y 108661
X 921259  Y 105511
X 894488  Y 23807
X 901590  Y -1874
X 901590  Y -13745
X 901590  Y -25616
X 913462  Y -31240
X 901590  Y -37488
X 913462  Y -43111
X 1019678  Y -179943
X 1019685  Y -174015
X 1013740  Y -159842
X 993409  Y -135295
X 1013740  Y -122834
X 1029133  Y -22047
X 1013740  Y -19685
X 1013740  Y 15748
X 1023622  Y 23807
X 1029015  Y 115748
X 1013740  Y 118110
X 1023740  Y 118110
X 1013740  Y 153543
X 1005118  Y 177559
X 1019224  Y 180314
X 1005118  Y 190157
X 1053740  Y 153543
X 1033740  Y 153543
X 1033858  Y 118110
X 1053740  Y 118110
X 1066141  Y 87401
X 1078740  Y 85039
X 1063779  Y 84251
X 1073740  Y 77952
X 1043740  Y 75590
X 1078740  Y -55607
X 1069055  Y -59981
X 1053740  Y -74976
X 1043740  Y -79974
X 1059041  Y -117462
X 1063740  Y -153543
X 1046545  Y -177444
X 1080314  Y -179527
X 1062165  Y -184316
X 1046545  Y -188065
X 1060629  Y -191375
X 1050015  Y -195322
X 1099212  Y -199212
X 1099212  Y -192913
X 1116437  Y -191830
X 1101377  Y -173228
X 1125984  Y -108661
X 1083740  Y -107086
X 1083740  Y -64979
X 1099212  Y -46860
X 1096529  Y -39987
X 1091531  Y -34364
X 1088188  Y -28740
X 1088976  Y 84251
X 1083740  Y 87401
X 1133070  Y 114960
X 1161417  Y 114960
X 1166929  Y -22834
X 1132283  Y -22834
X 1144094  Y -108661
X 1143700  Y -167716
X 1153543  Y -186220
X 1143700  Y -186220
X 1133759  Y -186220
X 1179527  Y -189413
X 1196850  Y -191338
X 1200000  Y -185039
X 1188188  Y -179527
X 1226885  Y -156444
X 1226885  Y -103570
X 1226885  Y -19283

Drill: .02  Tool: 2  Feed: 197  Speed: 550
X 55370  Y -202174
X 33068  Y -190879
X 15390  Y -173201
X 14361  Y -148222
X 18056  Y -123497
X 48818  Y -111417
X 18897  Y -90551
X 51968  Y -85039
X 33858  Y -76377
X 51968  Y -71409
X 38656  Y -34289
X 32077  Y 23971
X 14361  Y 53099
X 14361  Y 78099
X 14361  Y 103099
X 14361  Y 128099
X 14361  Y 153099
X 19709  Y 177520
X 37387  Y 195198
X 61393  Y 202174
X 63572  Y 46862
X 86988  Y 24398
X 59668  Y 21866
X 85826  Y -22834
X 98405  Y -23622
X 74777  Y -31251
X 98425  Y -37007
X 92125  Y -37007
X 85826  Y -37007
X 79527  Y -37007
X 103937  Y -66929
X 66141  Y -73228
X 66141  Y -87401
X 95275  Y -89763
X 66141  Y -100000
X 61417  Y -146850
X 105370  Y -202174
X 80370  Y -202174
X 130370  Y -202174
X 155370  Y -202174
X 107874  Y -105511
X 148031  Y -48818
X 117322  Y -37007
X 111023  Y -37007
X 123622  Y -37007
X 129921  Y -37007
X 111043  Y -22834
X 123622  Y -22834
X 155905  Y 22834
X 111227  Y 35333
X 119976  Y 202174
X 144976  Y 202174
X 169976  Y 202174
X 194976  Y 202174
X 174015  Y -142519
X 205370  Y -202174
X 180370  Y -202174
X 230370  Y -202174
X 255370  Y -202174
X 280370  Y -202174
X 276377  Y -182086
X 247244  Y -165167
X 252362  Y -144881
X 275590  Y -108661
X 275590  Y -79894
X 251968  Y 23228
X 274590  Y 40170
X 270866  Y 45669
X 256692  Y 45669
X 236220  Y 133858
X 236624  Y 155249
X 236624  Y 180249
X 242625  Y 202174
X 267625  Y 202174
X 292625  Y 202174
X 317625  Y 202174
X 296049  Y 27346
X 319473  Y 18610
X 308548  Y -3876
X 308548  Y -28876
X 326275  Y -31413
X 321259  Y -51181
X 302362  Y -74803
X 319971  Y -97319
X 291338  Y -106062
X 308661  Y -154527
X 311811  Y -159055
X 329921  Y -185826
X 305370  Y -202174
X 342565  Y -202174
X 334251  Y -194094
X 349606  Y -166929
X 353543  Y -144881
X 344881  Y -74015
X 338563  Y -50610
X 346456  Y -16535
X 338643  Y -4373
X 332395  Y -624
X 356000  Y -574
X 350514  Y 4724
X 353638  Y 17322
X 347431  Y 22911
X 345516  Y 28116
X 348038  Y 59217
X 337795  Y 88188
X 342625  Y 202174
X 367625  Y 202174
X 392625  Y 202174
X 379527  Y 166929
X 400000  Y 137795
X 399212  Y 114960
X 383464  Y 90551
X 368503  Y 66929
X 361136  Y 28116
X 361367  Y 624
X 374015  Y -77952
X 378740  Y -89370
X 378740  Y -97244
X 397637  Y -102362
X 391732  Y -110236
X 375590  Y -130413
X 365354  Y -153543
X 403708  Y -177283
X 370866  Y -183070
X 370866  Y -188976
X 396062  Y -193858
X 403555  Y -202174
X 367565  Y -202174
X 430708  Y -201181
X 450393  Y -186220
X 440157  Y -184251
X 433858  Y -184251
X 416149  Y -175106
X 420472  Y -170078
X 428346  Y -150393
X 428346  Y -139370
X 450787  Y -123622
X 414960  Y -122834
X 422440  Y -117716
X 450787  Y -114566
X 412598  Y -100000
X 451181  Y -100000
X 447600  Y -88200
X 440546  Y -82806
X 448031  Y 109448
X 432381  Y 114790
X 417625  Y 202174
X 442625  Y 202174
X 467625  Y 202174
X 492625  Y 202174
X 474803  Y 139370
X 462024  Y 115701
X 467352  Y 114338
X 475590  Y 85039
X 471259  Y -129527
X 491338  Y -151968
X 480314  Y -189763
X 485039  Y -189763
X 465154  Y -189763
X 503149  Y -193700
X 478346  Y -198818
X 517227  Y -199990
X 542227  Y -199990
X 550481  Y -175068
X 509448  Y -174409
X 521653  Y -151968
X 509074  Y -115233
X 513385  Y -88976
X 525196  Y -80314
X 555905  Y -38582
X 549606  Y 51562
X 548031  Y 59055
X 554330  Y 83464
X 533858  Y 118110
X 533858  Y 124409
X 551181  Y 127559
X 525459  Y 128084
X 529921  Y 140157
X 517625  Y 202174
X 542625  Y 202174
X 567625  Y 202174
X 592625  Y 202174
X 570078  Y 140157
X 597305  Y 135424
X 572815  Y 130401
X 596687  Y 129959
X 583566  Y 129959
X 565354  Y 83464
X 592125  Y 62204
X 576068  Y 61230
X 592125  Y 50393
X 576068  Y 49984
X 562322  Y 33739
X 593700  Y 2362
X 577165  Y -72440
X 562962  Y -78060
X 569291  Y -113385
X 562326  Y -128052
X 562326  Y -153052
X 599750  Y -159822
X 599750  Y -176614
X 604500  Y -183750
X 592227  Y -199990
X 567227  Y -199990
X 617227  Y -199990
X 642227  Y -199990
X 648000  Y -183750
X 652011  Y -177076
X 652250  Y -152736
X 635629  Y -122500
X 616750  Y -122500
X 646250  Y -76250
X 610236  Y 2362
X 607791  Y 112729
X 617625  Y 202174
X 642625  Y 202174
X 667625  Y 202174
X 692625  Y 202174
X 717625  Y 202174
X 718897  Y -70866
X 693700  Y -70866
X 700000  Y -105511
X 711811  Y -111811
X 684251  Y -145559
X 730708  Y -159055
X 717227  Y -199990
X 667227  Y -199990
X 692227  Y -199990
X 742227  Y -199990
X 767227  Y -199990
X 761417  Y -176377
X 772716  Y -174015
X 759842  Y -135433
X 758566  Y -71414
X 770866  Y -40944
X 742519  Y -7874
X 756692  Y 157480
X 742625  Y 202174
X 767625  Y 202174
X 792625  Y 202174
X 817625  Y 202174
X 842625  Y 202174
X 852755  Y 165354
X 847244  Y 22047
X 811023  Y 22047
X 807086  Y -67716
X 823237  Y -199990
X 848237  Y -199990
X 798237  Y -199990
X 873237  Y -199990
X 898237  Y -199990
X 867716  Y -15748
X 883464  Y 452
X 878937  Y 10236
X 867125  Y 10236
X 873031  Y 10236
X 873031  Y 20472
X 884251  Y 27559
X 889763  Y 37795
X 878740  Y 37795
X 876377  Y 125984
X 876377  Y 136220
X 880511  Y 159842
X 860629  Y 180314
X 860629  Y 190551
X 867625  Y 202174
X 892625  Y 202174
X 917625  Y 202174
X 942625  Y 202174
X 967625  Y 202174
X 951181  Y 174803
X 962204  Y 174803
X 906944  Y -94862
X 906944  Y -145559
X 973237  Y -199990
X 923237  Y -199990
X 948237  Y -199990
X 998237  Y -199990
X 1023237  Y -199990
X 1055905  Y -180827
X 1034645  Y -162992
X 982677  Y 162204
X 1019525  Y 202121
X 1044525  Y 202121
X 997419  Y 202174
X 1069525  Y 202121
X 1094525  Y 202121
X 1119525  Y 202121
X 1121259  Y 159055
X 1113740  Y 94488
X 1122047  Y 22047
X 1121259  Y -115748
X 1107874  Y -183070
X 1083751  Y -186103
X 1082677  Y -192913
X 1109448  Y -196850
X 1127785  Y -199990
X 1166141  Y -202362
X 1158893  Y -185631
X 1203049  Y -181077
X 1139370  Y -160629
X 1145669  Y -160629
X 1174803  Y -160629
X 1185826  Y -160629
X 1185311  Y -115748
X 1185311  Y -94862
X 1193700  Y -87401
X 1160629  Y -22834
X 1168408  Y 202121
X 1143408  Y 202121
X 1193311  Y 202174
X 1218166  Y 199487
X 1235843  Y 181809
X 1247450  Y 159666
X 1221886  Y -154922
X 1217322  Y -181102

Drill: .02753  Tool: 3  Feed: 197  Speed: 550
X 602687  Y -71250
X 594814  Y -71250
X 586939  Y -71250
X 610561  Y -71250

Drill: .035  Tool: 4  Feed: 197  Speed: 550
X 17913  Y -14000
X 24921  Y -10000
X 17913  Y -6000
X 24921  Y -2000
X 17913  Y 2000
X 24921  Y 6000
X 17913  Y 10000
X 24921  Y 14000

Drill: .04  Tool: 5  Feed: 139  Speed: 550
X 29606  Y -158464
X 29606  Y -140748
X 15826  Y -117125
X 15826  Y -99409
X 37795  Y -27559
X 37795  Y -17716
X 37795  Y 17716
X 37795  Y 27559
X 294291  Y 66299
X 294291  Y 56299
X 294291  Y 46299
X 302086  Y -191929
X 292086  Y -191929
X 312086  Y -191929
X 322086  Y -191929
X 310039  Y 36220
X 325787  Y 36220
X 310039  Y 46220
X 325787  Y 46220
X 325787  Y 56220
X 310039  Y 56220
X 325787  Y 66220
X 310039  Y 66220
X 325787  Y 76220
X 310039  Y 76220
X 310039  Y 86220
X 325787  Y 86220
X 478200  Y -117600
X 462600  Y -154200
X 450600  Y -154200
X 474015  Y -154330
X 489000  Y -117600
X 580984  Y -111299
X 580984  Y -101299
X 534645  Y -85039
X 544645  Y -85039
X 572283  Y 27681
X 572283  Y 37681
X 600984  Y -101299
X 590984  Y -101299
X 630984  Y -101299
X 620984  Y -101299
X 610984  Y -101299
X 590984  Y -111299
X 620984  Y -111299
X 600984  Y -111299
X 610984  Y -111299
X 630984  Y -111299
X 650984  Y -111299
X 640984  Y -111299
X 670984  Y -111299
X 660984  Y -111299
X 650984  Y -101299
X 670984  Y -101299
X 640984  Y -101299
X 660984  Y -101299
X 722716  Y -101299
X 752716  Y -101299
X 742716  Y -101299
X 732716  Y -101299
X 772716  Y -101299
X 762716  Y -101299
X 732716  Y -111299
X 722716  Y -111299
X 772716  Y -111299
X 742716  Y -111299
X 762716  Y -111299
X 752716  Y -111299
X 802716  Y -111299
X 792716  Y -111299
X 782716  Y -111299
X 812716  Y -111299
X 802716  Y -101299
X 782716  Y -101299
X 792716  Y -101299
X 812716  Y -101299
X 1003740  Y 140905
X 1003740  Y 130905
X 1003740  Y 3110
X 1003740  Y -6889
X 1003740  Y -134685
X 1003740  Y -144685
X 1023740  Y -144685
X 1013740  Y -144685
X 1053740  Y -144685
X 1033740  Y -144685
X 1043740  Y -144685
X 1013740  Y -134685
X 1053740  Y -134685
X 1033740  Y -134685
X 1043740  Y -134685
X 1023740  Y -134685
X 1023740  Y -6889
X 1013740  Y -6889
X 1053740  Y -6889
X 1033740  Y -6889
X 1043740  Y -6889
X 1013740  Y 3110
X 1023740  Y 3110
X 1053740  Y 3110
X 1033740  Y 3110
X 1043740  Y 3110
X 1013740  Y 130905
X 1023740  Y 130905
X 1033740  Y 130905
X 1053740  Y 130905
X 1043740  Y 130905
X 1043740  Y 140905
X 1013740  Y 140905
X 1053740  Y 140905
X 1023740  Y 140905
X 1033740  Y 140905
X 1063740  Y 140905
X 1073740  Y 140905
X 1083740  Y 140905
X 1093740  Y 140905
X 1103740  Y 140905
X 1063740  Y 130905
X 1083740  Y 130905
X 1073740  Y 130905
X 1093740  Y 130905
X 1103740  Y 130905
X 1063740  Y 3110
X 1073740  Y 3110
X 1103740  Y 3110
X 1083740  Y 3110
X 1093740  Y 3110
X 1063740  Y -6889
X 1103740  Y -6889
X 1083740  Y -6889
X 1093740  Y -6889
X 1073740  Y -6889
X 1063740  Y -134685
X 1073740  Y -134685
X 1093740  Y -134685
X 1103740  Y -134685
X 1083740  Y -134685
X 1063740  Y -144685
X 1073740  Y -144685
X 1103740  Y -144685
X 1093740  Y -144685
X 1083740  Y -144685
X 1123779  Y -191929
X 1133779  Y -191929
X 1143779  Y -191929
X 1153779  Y -191929
X 1113740  Y -144685
X 1123740  Y -144685
X 1153740  Y -144685
X 1133740  Y -144685
X 1143740  Y -144685
X 1113740  Y -134685
X 1153740  Y -134685
X 1133740  Y -134685
X 1123740  Y -134685
X 1143740  Y -134685
X 1123740  Y -6889
X 1113740  Y -6889
X 1153740  Y -6889
X 1133740  Y -6889
X 1143740  Y -6889
X 1153740  Y 3110
X 1123740  Y 3110
X 1133740  Y 3110
X 1143740  Y 3110
X 1113740  Y 3110
X 1153740  Y 130905
X 1133740  Y 130905
X 1113740  Y 130905
X 1123740  Y 130905
X 1143740  Y 130905
X 1133740  Y 140905
X 1143740  Y 140905
X 1153740  Y 140905
X 1123740  Y 140905
X 1113740  Y 140905

Drill: .043  Tool: 6  Feed: 139  Speed: 550
X 18503  Y -71929
X 28503  Y -71929
X 28503  Y -61929
X 18503  Y -61929

Drill: .049  Tool: 7  Feed: 139  Speed: 550
X 312086  Y -200429
X 1143779  Y -200429

Drill: .052  Tool: 8  Feed: 107  Speed: 550
X 39448  Y -163385
X 39448  Y -135826
X 25669  Y -122047
X 25669  Y -94488

Drill: .07087  Tool: 9  Feed: 81  Speed: 550
X 23622  Y -22598
X 23622  Y 22598

Drill: .07874  Tool: 10  Feed: 81  Speed: 550
X 6496  Y -31496
X 6496  Y 31496

Drill: .11024  Tool: 11  Feed: 69  Speed: 658
X 980314  Y -143503
X 980314  Y -5708
X 980314  Y 132086
X 1177165  Y 132086
X 1177165  Y -5708
X 1177165  Y -143503

Drill: .11811  Tool: 12  Feed: 69  Speed: 658
X 19685  Y -196850
X 226377  Y 122440
X 19685  Y 196850
X 629921  Y 0
X 1240157  Y -196850
X 1240157  Y 196850

End of Listing
