Drill Listing
=============
Drill: .008  Tool: 1  Feed: 0  Speed: 0
X 166338  Y 92913
X 169291  Y 95472
X 163385  Y 95669
X 162598  Y 104330
X 187992  Y 110236
X 192913  Y 110236
X 274409  Y 400393
X 268503  Y 400393
X 265354  Y 400393
X 271653  Y 400393
X 274409  Y 397637
X 268503  Y 397637
X 265354  Y 397637
X 271653  Y 397637
X 265354  Y 394881
X 274409  Y 394881
X 268503  Y 394881
X 271653  Y 394881
X 271653  Y 332185
X 271653  Y 329232
X 451181  Y 91338
X 448031  Y 91338
X 444881  Y 91338
X 451181  Y 94488
X 444881  Y 94488
X 441732  Y 94488
X 448031  Y 94488
X 448031  Y 97637
X 441732  Y 97637
X 444881  Y 97637
X 451181  Y 97637
X 441732  Y 100787
X 448031  Y 100787
X 444881  Y 100787
X 451181  Y 100787
X 444881  Y 103937
X 451181  Y 103937
X 448031  Y 103937
X 441732  Y 103937
X 444881  Y 107086
X 448031  Y 107086
X 441732  Y 107086
X 451181  Y 107086
X 448031  Y 113385
X 444881  Y 113385
X 451181  Y 113385
X 444881  Y 116535
X 451181  Y 116535
X 448031  Y 116535
X 451181  Y 119685
X 448031  Y 119685
X 444881  Y 119685
X 451181  Y 122834
X 444881  Y 122834
X 448031  Y 122834
X 451181  Y 125984
X 448031  Y 125984
X 444881  Y 125984
X 441732  Y 125984
X 451181  Y 240944
X 448031  Y 240944
X 444881  Y 240944
X 451181  Y 244094
X 448031  Y 244094
X 444881  Y 244094
X 441732  Y 244094
X 444881  Y 247244
X 448031  Y 247244
X 441732  Y 247244
X 451181  Y 247244
X 448031  Y 250393
X 444881  Y 250393
X 441732  Y 250393
X 451181  Y 250393
X 441732  Y 253543
X 451181  Y 253543
X 444881  Y 253543
X 448031  Y 253543
X 448031  Y 256692
X 444881  Y 256692
X 451181  Y 256692
X 441732  Y 256692
X 448031  Y 262992
X 444881  Y 262992
X 451181  Y 262992
X 451181  Y 266141
X 448031  Y 266141
X 444881  Y 266141
X 444881  Y 269291
X 451181  Y 269291
X 448031  Y 269291
X 451181  Y 272440
X 448031  Y 272440
X 444881  Y 272440
X 448031  Y 275590
X 441732  Y 275590
X 444881  Y 275590
X 451181  Y 275590
X 451181  Y 390551
X 448031  Y 390551
X 444881  Y 390551
X 444881  Y 393700
X 451181  Y 393700
X 441732  Y 393700
X 448031  Y 393700
X 441732  Y 396850
X 448031  Y 396850
X 451181  Y 396850
X 444881  Y 396850
X 451181  Y 400000
X 448031  Y 400000
X 444881  Y 400000
X 441732  Y 400000
X 451181  Y 403149
X 444881  Y 403149
X 448031  Y 403149
X 441732  Y 403149
X 441732  Y 406299
X 448031  Y 406299
X 451181  Y 406299
X 444881  Y 406299
X 451181  Y 412598
X 448031  Y 412598
X 444881  Y 412598
X 444881  Y 415748
X 451181  Y 415748
X 448031  Y 415748
X 448031  Y 418897
X 444881  Y 418897
X 451181  Y 418897
X 448031  Y 422047
X 451181  Y 422047
X 444881  Y 422047
X 451181  Y 425196
X 448031  Y 425196
X 444881  Y 425196
X 441732  Y 425196
X 454330  Y 425196
X 457480  Y 425196
X 466929  Y 425196
X 476377  Y 425196
X 470078  Y 425196
X 473228  Y 425196
X 463779  Y 425196
X 454330  Y 422047
X 463779  Y 422047
X 466929  Y 422047
X 457480  Y 422047
X 470078  Y 422047
X 473228  Y 422047
X 476377  Y 422047
X 454330  Y 418897
X 466929  Y 418897
X 463779  Y 418897
X 457480  Y 418897
X 470078  Y 418897
X 473228  Y 418897
X 476377  Y 418897
X 454330  Y 415748
X 463779  Y 415748
X 457480  Y 415748
X 473228  Y 415748
X 476377  Y 415748
X 470078  Y 415748
X 466929  Y 415748
X 454330  Y 412598
X 463779  Y 412598
X 466929  Y 412598
X 457480  Y 412598
X 470078  Y 412598
X 476377  Y 412598
X 473228  Y 412598
X 454330  Y 406299
X 457480  Y 406299
X 466929  Y 406299
X 470078  Y 406299
X 473228  Y 406299
X 463779  Y 406299
X 476377  Y 406299
X 454330  Y 403149
X 457480  Y 403149
X 470078  Y 403149
X 473228  Y 403149
X 476377  Y 403149
X 466929  Y 403149
X 463779  Y 403149
X 454330  Y 400000
X 463779  Y 400000
X 466929  Y 400000
X 457480  Y 400000
X 470078  Y 400000
X 473228  Y 400000
X 476377  Y 400000
X 454330  Y 396850
X 457480  Y 396850
X 463779  Y 396850
X 466929  Y 396850
X 470078  Y 396850
X 473228  Y 396850
X 476377  Y 396850
X 454330  Y 393700
X 457480  Y 393700
X 470078  Y 393700
X 473228  Y 393700
X 476377  Y 393700
X 463779  Y 393700
X 466929  Y 393700
X 454330  Y 390551
X 466929  Y 390551
X 457480  Y 390551
X 470078  Y 390551
X 473228  Y 390551
X 476377  Y 390551
X 463779  Y 390551
X 454330  Y 275590
X 463779  Y 275590
X 466929  Y 275590
X 470078  Y 275590
X 473228  Y 275590
X 476377  Y 275590
X 457480  Y 275590
X 466929  Y 272440
X 470078  Y 272440
X 473228  Y 272440
X 476377  Y 272440
X 457480  Y 272440
X 463779  Y 272440
X 454330  Y 272440
X 473228  Y 269291
X 476377  Y 269291
X 457480  Y 269291
X 470078  Y 269291
X 463779  Y 269291
X 466929  Y 269291
X 454330  Y 269291
X 457480  Y 266141
X 463779  Y 266141
X 476377  Y 266141
X 473228  Y 266141
X 466929  Y 266141
X 470078  Y 266141
X 454330  Y 266141
X 457480  Y 262992
X 466929  Y 262992
X 463779  Y 262992
X 470078  Y 262992
X 476377  Y 262992
X 473228  Y 262992
X 454330  Y 262992
X 457480  Y 256692
X 466929  Y 256692
X 470078  Y 256692
X 473228  Y 256692
X 476377  Y 256692
X 463779  Y 256692
X 454330  Y 256692
X 473228  Y 253543
X 457480  Y 253543
X 476377  Y 253543
X 454330  Y 253543
X 463779  Y 253543
X 470078  Y 253543
X 466929  Y 253543
X 457480  Y 250393
X 476377  Y 250393
X 463779  Y 250393
X 473228  Y 250393
X 470078  Y 250393
X 454330  Y 250393
X 466929  Y 250393
X 476377  Y 247244
X 473228  Y 247244
X 470078  Y 247244
X 457480  Y 247244
X 466929  Y 247244
X 454330  Y 247244
X 463779  Y 247244
X 476377  Y 244094
X 470078  Y 244094
X 457480  Y 244094
X 473228  Y 244094
X 466929  Y 244094
X 454330  Y 244094
X 463779  Y 244094
X 470078  Y 240944
X 473228  Y 240944
X 466929  Y 240944
X 457480  Y 240944
X 454330  Y 240944
X 463779  Y 240944
X 476377  Y 240944
X 454330  Y 125984
X 457480  Y 125984
X 473228  Y 125984
X 466929  Y 125984
X 476377  Y 125984
X 470078  Y 125984
X 463779  Y 125984
X 454330  Y 122834
X 470078  Y 122834
X 463779  Y 122834
X 466929  Y 122834
X 473228  Y 122834
X 476377  Y 122834
X 457480  Y 122834
X 454330  Y 119685
X 463779  Y 119685
X 457480  Y 119685
X 466929  Y 119685
X 470078  Y 119685
X 473228  Y 119685
X 476377  Y 119685
X 454330  Y 116535
X 476377  Y 116535
X 463779  Y 116535
X 466929  Y 116535
X 457480  Y 116535
X 470078  Y 116535
X 473228  Y 116535
X 457480  Y 113385
X 470078  Y 113385
X 473228  Y 113385
X 476377  Y 113385
X 463779  Y 113385
X 466929  Y 113385
X 454330  Y 113385
X 457480  Y 107086
X 463779  Y 107086
X 466929  Y 107086
X 454330  Y 107086
X 470078  Y 107086
X 473228  Y 107086
X 476377  Y 107086
X 470078  Y 103937
X 457480  Y 103937
X 476377  Y 103937
X 463779  Y 103937
X 454330  Y 103937
X 473228  Y 103937
X 466929  Y 103937
X 476377  Y 100787
X 470078  Y 100787
X 473228  Y 100787
X 454330  Y 100787
X 463779  Y 100787
X 466929  Y 100787
X 457480  Y 100787
X 476377  Y 97637
X 463779  Y 97637
X 473228  Y 97637
X 457480  Y 97637
X 466929  Y 97637
X 454330  Y 97637
X 470078  Y 97637
X 470078  Y 94488
X 463779  Y 94488
X 457480  Y 94488
X 454330  Y 94488
X 466929  Y 94488
X 473228  Y 94488
X 476377  Y 94488
X 466929  Y 91338
X 457480  Y 91338
X 470078  Y 91338
X 463779  Y 91338
X 473228  Y 91338
X 454330  Y 91338
X 476377  Y 91338
X 479527  Y 94488
X 479527  Y 97637
X 479527  Y 100787
X 479527  Y 103937
X 479527  Y 107086
X 479527  Y 113385
X 479517  Y 116525
X 479527  Y 122834
X 495669  Y 168110
X 479527  Y 244094
X 479527  Y 247244
X 479527  Y 250393
X 479527  Y 253543
X 479527  Y 256692
X 479527  Y 262992
X 479517  Y 266132
X 479527  Y 272440
X 500000  Y 289763
X 498425  Y 309448
X 492913  Y 309448
X 487401  Y 309547
X 495669  Y 317716
X 487696  Y 325295
X 479527  Y 393700
X 479527  Y 396850
X 479527  Y 400000
X 479527  Y 403149
X 479527  Y 406299
X 479527  Y 412598
X 479527  Y 415748
X 479527  Y 418897
X 479527  Y 422047
X 487401  Y 458661
X 492913  Y 458661
X 498425  Y 458661
X 551968  Y 500000
X 551968  Y 496850
X 551968  Y 493700
X 551968  Y 490551
X 551968  Y 487401
X 551968  Y 481102
X 551978  Y 477962
X 551968  Y 471653
X 533070  Y 435433
X 544094  Y 435433
X 538582  Y 435433
X 543503  Y 418897
X 551968  Y 350393
X 551968  Y 347244
X 551968  Y 344094
X 551968  Y 340944
X 551968  Y 337795
X 551968  Y 331496
X 551968  Y 328346
X 551968  Y 322047
X 551968  Y 200787
X 551968  Y 197637
X 551968  Y 194488
X 551968  Y 191338
X 551968  Y 188188
X 551968  Y 181889
X 551968  Y 178740
X 551968  Y 172440
X 533070  Y 135826
X 544094  Y 135826
X 538582  Y 135826
X 576377  Y 126771
X 564566  Y 169291
X 567716  Y 169291
X 577165  Y 169291
X 555118  Y 169291
X 574015  Y 169291
X 558267  Y 169291
X 561417  Y 169291
X 567716  Y 172440
X 564566  Y 172440
X 577165  Y 172440
X 555118  Y 172440
X 558267  Y 172440
X 561417  Y 172440
X 574015  Y 172440
X 567716  Y 175590
X 577165  Y 175590
X 558267  Y 175590
X 555118  Y 175590
X 564566  Y 175590
X 574015  Y 175590
X 561417  Y 175590
X 567716  Y 178740
X 574015  Y 178740
X 577165  Y 178740
X 555118  Y 178740
X 561417  Y 178740
X 564566  Y 178740
X 558267  Y 178740
X 561417  Y 181889
X 577165  Y 181889
X 564566  Y 181889
X 555118  Y 181889
X 574015  Y 181889
X 558267  Y 181889
X 567716  Y 181889
X 577165  Y 188188
X 567716  Y 188188
X 574015  Y 188188
X 561417  Y 188188
X 555118  Y 188188
X 558267  Y 188188
X 564566  Y 188188
X 558267  Y 191338
X 564566  Y 191338
X 561417  Y 191338
X 567716  Y 191338
X 574015  Y 191338
X 555118  Y 191338
X 577165  Y 191338
X 564566  Y 194488
X 567716  Y 194488
X 574015  Y 194488
X 577165  Y 194488
X 555118  Y 194488
X 561417  Y 194488
X 558267  Y 194488
X 577165  Y 197637
X 555118  Y 197637
X 574015  Y 197637
X 561417  Y 197637
X 567716  Y 197637
X 558267  Y 197637
X 564566  Y 197637
X 574015  Y 200787
X 567716  Y 200787
X 577165  Y 200787
X 558267  Y 200787
X 555118  Y 200787
X 564566  Y 200787
X 561417  Y 200787
X 561417  Y 203937
X 574015  Y 203937
X 558267  Y 203937
X 577165  Y 203937
X 564566  Y 203937
X 567716  Y 203937
X 555118  Y 203937
X 558267  Y 318897
X 567716  Y 318897
X 564566  Y 318897
X 577165  Y 318897
X 574015  Y 318897
X 555118  Y 318897
X 561417  Y 318897
X 574015  Y 322047
X 577165  Y 322047
X 567716  Y 322047
X 555118  Y 322047
X 561417  Y 322047
X 564566  Y 322047
X 558267  Y 322047
X 577165  Y 325196
X 564566  Y 325196
X 558267  Y 325196
X 555118  Y 325196
X 574015  Y 325196
X 561417  Y 325196
X 567716  Y 325196
X 564566  Y 328346
X 561417  Y 328346
X 574015  Y 328346
X 555118  Y 328346
X 558267  Y 328346
X 577165  Y 328346
X 567716  Y 328346
X 564566  Y 331496
X 555118  Y 331496
X 561417  Y 331496
X 558267  Y 331496
X 577165  Y 331496
X 567716  Y 331496
X 574015  Y 331496
X 561417  Y 337795
X 564566  Y 337795
X 574015  Y 337795
X 567716  Y 337795
X 577165  Y 337795
X 555118  Y 337795
X 558267  Y 337795
X 574015  Y 340944
X 558267  Y 340944
X 577165  Y 340944
X 555118  Y 340944
X 567716  Y 340944
X 561417  Y 340944
X 564566  Y 340944
X 567716  Y 344094
X 564566  Y 344094
X 577165  Y 344094
X 561417  Y 344094
X 558267  Y 344094
X 574015  Y 344094
X 555118  Y 344094
X 577165  Y 347244
X 558267  Y 347244
X 564566  Y 347244
X 555118  Y 347244
X 561417  Y 347244
X 567716  Y 347244
X 574015  Y 347244
X 567716  Y 350393
X 558267  Y 350393
X 555118  Y 350393
X 577165  Y 350393
X 574015  Y 350393
X 561417  Y 350393
X 564566  Y 350393
X 567716  Y 353543
X 558267  Y 353543
X 577165  Y 353543
X 561417  Y 353543
X 574015  Y 353543
X 564566  Y 353543
X 555118  Y 353543
X 575984  Y 425984
X 555118  Y 468503
X 561417  Y 468503
X 564566  Y 468503
X 567716  Y 468503
X 574015  Y 468503
X 558267  Y 468503
X 577165  Y 468503
X 561417  Y 471653
X 555118  Y 471653
X 564566  Y 471653
X 558267  Y 471653
X 574015  Y 471653
X 567716  Y 471653
X 577165  Y 471653
X 561417  Y 474803
X 567716  Y 474803
X 564566  Y 474803
X 558267  Y 474803
X 577165  Y 474803
X 555118  Y 474803
X 574015  Y 474803
X 555118  Y 477952
X 558267  Y 477952
X 561417  Y 477952
X 574015  Y 477952
X 567716  Y 477952
X 564566  Y 477952
X 577165  Y 477952
X 558267  Y 481102
X 564566  Y 481102
X 567716  Y 481102
X 555118  Y 481102
X 574015  Y 481102
X 561417  Y 481102
X 577165  Y 481102
X 555118  Y 487401
X 561417  Y 487401
X 564566  Y 487401
X 567716  Y 487401
X 558267  Y 487401
X 574015  Y 487401
X 577165  Y 487401
X 555118  Y 490551
X 564566  Y 490551
X 567716  Y 490551
X 574015  Y 490551
X 558267  Y 490551
X 577165  Y 490551
X 561417  Y 490551
X 555118  Y 493700
X 561417  Y 493700
X 558267  Y 493700
X 577165  Y 493700
X 567716  Y 493700
X 574015  Y 493700
X 564566  Y 493700
X 567716  Y 496850
X 577165  Y 496850
X 555118  Y 496850
X 574015  Y 496850
X 564566  Y 496850
X 561417  Y 496850
X 558267  Y 496850
X 555118  Y 500000
X 558267  Y 500000
X 564566  Y 500000
X 567716  Y 500000
X 574015  Y 500000
X 561417  Y 500000
X 577165  Y 500000
X 561417  Y 503149
X 555118  Y 503149
X 567716  Y 503149
X 558267  Y 503149
X 564566  Y 503149
X 577165  Y 503149
X 574015  Y 503149
X 583464  Y 503149
X 586614  Y 503149
X 580314  Y 503149
X 589763  Y 500000
X 586614  Y 500000
X 580314  Y 500000
X 583464  Y 500000
X 583464  Y 496850
X 580314  Y 496850
X 586614  Y 496850
X 589763  Y 496850
X 580314  Y 493700
X 589763  Y 493700
X 586614  Y 493700
X 583464  Y 493700
X 583464  Y 490551
X 589763  Y 490551
X 580314  Y 490551
X 586614  Y 490551
X 589763  Y 487401
X 586614  Y 487401
X 580314  Y 487401
X 583464  Y 487401
X 583464  Y 481102
X 586614  Y 481102
X 580314  Y 481102
X 583464  Y 477952
X 586614  Y 477952
X 580314  Y 477952
X 580314  Y 474803
X 583464  Y 474803
X 586614  Y 474803
X 583464  Y 471653
X 586614  Y 471653
X 580314  Y 471653
X 583464  Y 468503
X 586614  Y 468503
X 589763  Y 468503
X 580314  Y 468503
X 586220  Y 425984
X 596456  Y 425984
X 583464  Y 353543
X 580314  Y 353543
X 586614  Y 353543
X 580314  Y 350393
X 586614  Y 350393
X 583464  Y 350393
X 589763  Y 350393
X 583464  Y 347244
X 580314  Y 347244
X 589763  Y 347244
X 586614  Y 347244
X 583464  Y 344094
X 580314  Y 344094
X 586614  Y 344094
X 589763  Y 344094
X 589763  Y 340944
X 586614  Y 340944
X 580314  Y 340944
X 583464  Y 340944
X 583464  Y 337795
X 586614  Y 337795
X 589763  Y 337795
X 580314  Y 337795
X 580314  Y 331496
X 586614  Y 331496
X 583464  Y 331496
X 580314  Y 328346
X 583464  Y 328346
X 586614  Y 328346
X 580314  Y 325196
X 586614  Y 325196
X 583464  Y 325196
X 580314  Y 322047
X 586614  Y 322047
X 583464  Y 322047
X 589763  Y 318897
X 580314  Y 318897
X 583464  Y 318897
X 586614  Y 318897
X 580314  Y 203937
X 583464  Y 203937
X 586614  Y 203937
X 586614  Y 200787
X 589763  Y 200787
X 583464  Y 200787
X 580314  Y 200787
X 589763  Y 197637
X 580314  Y 197637
X 586614  Y 197637
X 583464  Y 197637
X 583464  Y 194488
X 586614  Y 194488
X 589763  Y 194488
X 580314  Y 194488
X 589763  Y 191338
X 580314  Y 191338
X 586614  Y 191338
X 583464  Y 191338
X 589763  Y 188188
X 583464  Y 188188
X 586614  Y 188188
X 580314  Y 188188
X 583464  Y 181889
X 580314  Y 181889
X 586614  Y 181889
X 586614  Y 178740
X 580314  Y 178740
X 583464  Y 178740
X 583464  Y 175590
X 580314  Y 175590
X 586614  Y 175590
X 586614  Y 172440
X 583464  Y 172440
X 580314  Y 172440
X 586614  Y 169291
X 583464  Y 169291
X 580314  Y 169291
X 589763  Y 169291
X 596850  Y 126771
X 586614  Y 126771
X 668503  Y 91338
X 665354  Y 91338
X 671653  Y 91338
X 674803  Y 91338
X 677952  Y 91338
X 662204  Y 94488
X 668503  Y 94488
X 665354  Y 94488
X 671653  Y 94488
X 674803  Y 94488
X 677952  Y 94488
X 677952  Y 97637
X 668503  Y 97637
X 662204  Y 97637
X 665354  Y 97637
X 671653  Y 97637
X 674803  Y 97637
X 677952  Y 100787
X 668503  Y 100787
X 665354  Y 100787
X 662204  Y 100787
X 674803  Y 100787
X 671653  Y 100787
X 677952  Y 103937
X 665354  Y 103937
X 668503  Y 103937
X 662204  Y 103937
X 674803  Y 103937
X 671653  Y 103937
X 668503  Y 107086
X 662204  Y 107086
X 677952  Y 107086
X 671653  Y 107086
X 674803  Y 107086
X 665354  Y 107086
X 674803  Y 113385
X 668503  Y 113385
X 677952  Y 113385
X 665354  Y 113385
X 671653  Y 113385
X 665354  Y 116535
X 677952  Y 116535
X 671653  Y 116535
X 668503  Y 116535
X 674803  Y 116535
X 671653  Y 119685
X 674803  Y 119685
X 668503  Y 119685
X 665354  Y 119685
X 677952  Y 119685
X 665354  Y 122834
X 668503  Y 122834
X 674803  Y 122834
X 671653  Y 122834
X 677952  Y 122834
X 671653  Y 125984
X 674803  Y 125984
X 665354  Y 125984
X 662204  Y 125984
X 668503  Y 125984
X 677952  Y 125984
X 607086  Y 126771
X 668503  Y 240944
X 665354  Y 240944
X 674803  Y 240944
X 671653  Y 240944
X 677952  Y 240944
X 668503  Y 244094
X 665354  Y 244094
X 662204  Y 244094
X 674803  Y 244094
X 671653  Y 244094
X 677952  Y 244094
X 662204  Y 247244
X 674803  Y 247244
X 671653  Y 247244
X 668503  Y 247244
X 665354  Y 247244
X 677952  Y 247244
X 671653  Y 250393
X 674803  Y 250393
X 662204  Y 250393
X 665354  Y 250393
X 668503  Y 250393
X 677952  Y 250393
X 674803  Y 253543
X 671653  Y 253543
X 662204  Y 253543
X 668503  Y 253543
X 665354  Y 253543
X 677952  Y 253543
X 668503  Y 256692
X 662204  Y 256692
X 674803  Y 256692
X 671653  Y 256692
X 665354  Y 256692
X 677952  Y 256692
X 674803  Y 262992
X 668503  Y 262992
X 677952  Y 262992
X 665354  Y 262992
X 671653  Y 262992
X 674803  Y 266141
X 671653  Y 266141
X 677952  Y 266141
X 668503  Y 266141
X 665354  Y 266141
X 671653  Y 269291
X 665354  Y 269291
X 674803  Y 269291
X 677952  Y 269291
X 668503  Y 269291
X 665354  Y 272440
X 674803  Y 272440
X 668503  Y 272440
X 671653  Y 272440
X 677952  Y 272440
X 662204  Y 275590
X 674803  Y 275590
X 677952  Y 275590
X 668503  Y 275590
X 665354  Y 275590
X 671653  Y 275590
X 655511  Y 318110
X 675984  Y 318110
X 645374  Y 318110
X 665748  Y 318110
X 674803  Y 390551
X 677952  Y 390551
X 671653  Y 390551
X 665354  Y 390551
X 668503  Y 390551
X 677952  Y 393700
X 674803  Y 393700
X 668503  Y 393700
X 665354  Y 393700
X 662204  Y 393700
X 671653  Y 393700
X 671653  Y 396850
X 674803  Y 396850
X 668503  Y 396850
X 665354  Y 396850
X 662204  Y 396850
X 677952  Y 396850
X 677952  Y 400000
X 665354  Y 400000
X 668503  Y 400000
X 662204  Y 400000
X 674803  Y 400000
X 671653  Y 400000
X 671653  Y 403149
X 665354  Y 403149
X 662204  Y 403149
X 677952  Y 403149
X 668503  Y 403149
X 674803  Y 403149
X 662204  Y 406299
X 671653  Y 406299
X 665354  Y 406299
X 677952  Y 406299
X 668503  Y 406299
X 674803  Y 406299
X 677952  Y 412598
X 668503  Y 412598
X 665354  Y 412598
X 671653  Y 412598
X 674803  Y 412598
X 668503  Y 415748
X 665354  Y 415748
X 677952  Y 415748
X 674803  Y 415748
X 671653  Y 415748
X 677952  Y 418897
X 665354  Y 418897
X 674803  Y 418897
X 668503  Y 418897
X 671653  Y 418897
X 671653  Y 422047
X 668503  Y 422047
X 674803  Y 422047
X 665354  Y 422047
X 677952  Y 422047
X 668503  Y 425196
X 665354  Y 425196
X 671653  Y 425196
X 677952  Y 425196
X 662204  Y 425196
X 674803  Y 425196
X 606692  Y 425984
X 684251  Y 425196
X 693700  Y 425196
X 687401  Y 425196
X 696850  Y 425196
X 690551  Y 425196
X 687401  Y 422047
X 690551  Y 422047
X 696850  Y 422047
X 693700  Y 422047
X 684251  Y 422047
X 700000  Y 422047
X 684251  Y 418897
X 693700  Y 418897
X 696850  Y 418897
X 690551  Y 418897
X 687401  Y 418897
X 690551  Y 415748
X 693700  Y 415748
X 687401  Y 415748
X 684251  Y 415748
X 696850  Y 415748
X 699990  Y 415738
X 684251  Y 412598
X 696850  Y 412598
X 690551  Y 412598
X 687401  Y 412598
X 693700  Y 412598
X 700000  Y 412598
X 690551  Y 406299
X 696850  Y 406299
X 684251  Y 406299
X 687401  Y 406299
X 693700  Y 406299
X 700000  Y 406299
X 684251  Y 403149
X 687401  Y 403149
X 693700  Y 403149
X 690551  Y 403149
X 696850  Y 403149
X 700000  Y 403149
X 696850  Y 400000
X 690551  Y 400000
X 693700  Y 400000
X 687401  Y 400000
X 684251  Y 400000
X 700000  Y 400000
X 690551  Y 396850
X 693700  Y 396850
X 696850  Y 396850
X 687401  Y 396850
X 700000  Y 396850
X 684251  Y 396850
X 684251  Y 393700
X 693700  Y 393700
X 696850  Y 393700
X 687401  Y 393700
X 700000  Y 393700
X 690551  Y 393700
X 690551  Y 390551
X 696850  Y 390551
X 684251  Y 390551
X 687401  Y 390551
X 693700  Y 390551
X 687401  Y 275590
X 690551  Y 275590
X 693700  Y 275590
X 696850  Y 275590
X 684251  Y 275590
X 696850  Y 272440
X 687401  Y 272440
X 693700  Y 272440
X 690551  Y 272440
X 684251  Y 272440
X 700000  Y 272440
X 696850  Y 269291
X 693700  Y 269291
X 690551  Y 269291
X 687401  Y 269291
X 684251  Y 269291
X 693700  Y 266141
X 690551  Y 266141
X 687401  Y 266141
X 696850  Y 266141
X 684251  Y 266141
X 699990  Y 266132
X 687401  Y 262992
X 696850  Y 262992
X 690551  Y 262992
X 693700  Y 262992
X 684251  Y 262992
X 700000  Y 262992
X 696850  Y 256692
X 690551  Y 256692
X 693700  Y 256692
X 687401  Y 256692
X 684251  Y 256692
X 700000  Y 256692
X 690551  Y 253543
X 693700  Y 253543
X 687401  Y 253543
X 684251  Y 253543
X 696850  Y 253543
X 700000  Y 253543
X 690551  Y 250393
X 693700  Y 250393
X 684251  Y 250393
X 696850  Y 250393
X 687401  Y 250393
X 700000  Y 250393
X 684251  Y 247244
X 690551  Y 247244
X 687401  Y 247244
X 696850  Y 247244
X 693700  Y 247244
X 700000  Y 247244
X 684251  Y 244094
X 693700  Y 244094
X 696850  Y 244094
X 690551  Y 244094
X 687401  Y 244094
X 700000  Y 244094
X 690551  Y 240944
X 687401  Y 240944
X 693700  Y 240944
X 696850  Y 240944
X 684251  Y 240944
X 690551  Y 125984
X 687401  Y 125984
X 696850  Y 125984
X 693700  Y 125984
X 684251  Y 125984
X 700000  Y 122834
X 687401  Y 122834
X 684251  Y 122834
X 693700  Y 122834
X 690551  Y 122834
X 696850  Y 122834
X 690551  Y 119685
X 684251  Y 119685
X 696850  Y 119685
X 693700  Y 119685
X 687401  Y 119685
X 684251  Y 116535
X 690551  Y 116535
X 693700  Y 116535
X 696850  Y 116535
X 687401  Y 116535
X 699990  Y 116525
X 687401  Y 113385
X 690551  Y 113385
X 693700  Y 113385
X 700000  Y 113385
X 684251  Y 113385
X 696850  Y 113385
X 700000  Y 107086
X 693700  Y 107086
X 684251  Y 107086
X 696850  Y 107086
X 687401  Y 107086
X 690551  Y 107086
X 700000  Y 103937
X 687401  Y 103937
X 696850  Y 103937
X 693700  Y 103937
X 684251  Y 103937
X 690551  Y 103937
X 696850  Y 100787
X 700000  Y 100787
X 687401  Y 100787
X 690551  Y 100787
X 684251  Y 100787
X 693700  Y 100787
X 690551  Y 97637
X 684251  Y 97637
X 693700  Y 97637
X 687401  Y 97637
X 700000  Y 97637
X 696850  Y 97637
X 690551  Y 94488
X 687401  Y 94488
X 684251  Y 94488
X 696850  Y 94488
X 693700  Y 94488
X 700000  Y 94488
X 690551  Y 91338
X 687401  Y 91338
X 693700  Y 91338
X 684251  Y 91338
X 696850  Y 91338
X 763779  Y 119685
X 716141  Y 168110
X 775590  Y 169291
X 775590  Y 172440
X 772440  Y 172440
X 775590  Y 175590
X 775590  Y 178740
X 772450  Y 178749
X 772440  Y 181889
X 775590  Y 181889
X 775590  Y 188188
X 772440  Y 188188
X 772440  Y 191338
X 775590  Y 191338
X 775590  Y 194488
X 772440  Y 194488
X 775590  Y 197637
X 772440  Y 197637
X 775590  Y 200787
X 772440  Y 200787
X 775590  Y 203937
X 763779  Y 269291
X 716141  Y 317716
X 775590  Y 318897
X 775590  Y 322047
X 772440  Y 322047
X 775590  Y 325196
X 775590  Y 328346
X 772450  Y 328356
X 772440  Y 331496
X 775590  Y 331496
X 772440  Y 337795
X 775590  Y 337795
X 772440  Y 340944
X 775590  Y 340944
X 772440  Y 344094
X 775590  Y 344094
X 772440  Y 347244
X 775590  Y 347244
X 775590  Y 350393
X 772440  Y 350393
X 775590  Y 353543
X 759055  Y 435039
X 764566  Y 435039
X 753543  Y 435039
X 718897  Y 459055
X 713385  Y 459055
X 707874  Y 459055
X 716141  Y 467322
X 775590  Y 468503
X 772440  Y 471653
X 775590  Y 471653
X 775590  Y 474803
X 775590  Y 477952
X 772450  Y 477962
X 775590  Y 481102
X 772440  Y 481102
X 775590  Y 487401
X 772440  Y 487401
X 775590  Y 490551
X 772440  Y 490551
X 772440  Y 493700
X 775590  Y 493700
X 775590  Y 496850
X 772440  Y 496850
X 772440  Y 500000
X 775590  Y 500000
X 775590  Y 503149
X 788188  Y 503149
X 785039  Y 503149
X 794488  Y 503149
X 781889  Y 503149
X 778740  Y 503149
X 800787  Y 503149
X 797637  Y 503149
X 788188  Y 500000
X 794488  Y 500000
X 778740  Y 500000
X 781889  Y 500000
X 785039  Y 500000
X 800787  Y 500000
X 797637  Y 500000
X 794488  Y 496850
X 788188  Y 496850
X 785039  Y 496850
X 778740  Y 496850
X 781889  Y 496850
X 800787  Y 496850
X 797637  Y 496850
X 794488  Y 493700
X 785039  Y 493700
X 788188  Y 493700
X 781889  Y 493700
X 778740  Y 493700
X 800787  Y 493700
X 797637  Y 493700
X 794488  Y 490551
X 788188  Y 490551
X 785039  Y 490551
X 778740  Y 490551
X 781889  Y 490551
X 797637  Y 490551
X 800787  Y 490551
X 778740  Y 487401
X 781889  Y 487401
X 785039  Y 487401
X 788188  Y 487401
X 794488  Y 487401
X 800787  Y 487401
X 797637  Y 487401
X 785039  Y 481102
X 788188  Y 481102
X 778740  Y 481102
X 781889  Y 481102
X 794488  Y 481102
X 800787  Y 481102
X 797637  Y 481102
X 788188  Y 477952
X 794488  Y 477952
X 778740  Y 477952
X 781889  Y 477952
X 785039  Y 477952
X 800787  Y 477952
X 797637  Y 477952
X 785039  Y 474803
X 794488  Y 474803
X 788188  Y 474803
X 781889  Y 474803
X 778740  Y 474803
X 797637  Y 474803
X 800787  Y 474803
X 794488  Y 471653
X 778740  Y 471653
X 781889  Y 471653
X 788188  Y 471653
X 785039  Y 471653
X 797637  Y 471653
X 800787  Y 471653
X 781889  Y 468503
X 785039  Y 468503
X 794488  Y 468503
X 788188  Y 468503
X 778740  Y 468503
X 797637  Y 468503
X 800787  Y 468503
X 800787  Y 353543
X 797637  Y 353543
X 794488  Y 353543
X 781889  Y 353543
X 778740  Y 353543
X 785039  Y 353543
X 788188  Y 353543
X 794488  Y 350393
X 797637  Y 350393
X 788188  Y 350393
X 800787  Y 350393
X 778740  Y 350393
X 781889  Y 350393
X 785039  Y 350393
X 788188  Y 347244
X 797637  Y 347244
X 785039  Y 347244
X 800787  Y 347244
X 794488  Y 347244
X 781889  Y 347244
X 778740  Y 347244
X 788188  Y 344094
X 800787  Y 344094
X 797637  Y 344094
X 778740  Y 344094
X 785039  Y 344094
X 794488  Y 344094
X 781889  Y 344094
X 788188  Y 340944
X 794488  Y 340944
X 781889  Y 340944
X 800787  Y 340944
X 785039  Y 340944
X 797637  Y 340944
X 778740  Y 340944
X 788188  Y 337795
X 785039  Y 337795
X 797637  Y 337795
X 800787  Y 337795
X 794488  Y 337795
X 778740  Y 337795
X 781889  Y 337795
X 794488  Y 331496
X 788188  Y 331496
X 781889  Y 331496
X 785039  Y 331496
X 797637  Y 331496
X 778740  Y 331496
X 800787  Y 331496
X 788188  Y 328346
X 800787  Y 328346
X 785039  Y 328346
X 797637  Y 328346
X 781889  Y 328346
X 778740  Y 328346
X 794488  Y 328346
X 785039  Y 325196
X 797637  Y 325196
X 778740  Y 325196
X 788188  Y 325196
X 781889  Y 325196
X 800787  Y 325196
X 794488  Y 325196
X 797637  Y 322047
X 778740  Y 322047
X 794488  Y 322047
X 800787  Y 322047
X 781889  Y 322047
X 785039  Y 322047
X 788188  Y 322047
X 781889  Y 318897
X 788188  Y 318897
X 778740  Y 318897
X 800787  Y 318897
X 797637  Y 318897
X 794488  Y 318897
X 785039  Y 318897
X 796850  Y 276377
X 794488  Y 203937
X 800787  Y 203937
X 781889  Y 203937
X 788188  Y 203937
X 778740  Y 203937
X 785039  Y 203937
X 797637  Y 203937
X 794488  Y 200787
X 785039  Y 200787
X 781889  Y 200787
X 778740  Y 200787
X 797637  Y 200787
X 800787  Y 200787
X 788188  Y 200787
X 781889  Y 197637
X 797637  Y 197637
X 800787  Y 197637
X 794488  Y 197637
X 788188  Y 197637
X 778740  Y 197637
X 785039  Y 197637
X 788188  Y 194488
X 785039  Y 194488
X 797637  Y 194488
X 800787  Y 194488
X 794488  Y 194488
X 778740  Y 194488
X 781889  Y 194488
X 794488  Y 191338
X 778740  Y 191338
X 797637  Y 191338
X 788188  Y 191338
X 785039  Y 191338
X 800787  Y 191338
X 781889  Y 191338
X 788188  Y 188188
X 778740  Y 188188
X 794488  Y 188188
X 800787  Y 188188
X 785039  Y 188188
X 797637  Y 188188
X 781889  Y 188188
X 785039  Y 181889
X 797637  Y 181889
X 800787  Y 181889
X 794488  Y 181889
X 781889  Y 181889
X 788188  Y 181889
X 778740  Y 181889
X 794488  Y 178740
X 778740  Y 178740
X 800787  Y 178740
X 781889  Y 178740
X 797637  Y 178740
X 788188  Y 178740
X 785039  Y 178740
X 797637  Y 175590
X 785039  Y 175590
X 778740  Y 175590
X 794488  Y 175590
X 800787  Y 175590
X 781889  Y 175590
X 788188  Y 175590
X 800787  Y 172440
X 785039  Y 172440
X 788188  Y 172440
X 781889  Y 172440
X 778740  Y 172440
X 794488  Y 172440
X 797637  Y 172440
X 785039  Y 169291
X 797637  Y 169291
X 778740  Y 169291
X 781889  Y 169291
X 788188  Y 169291
X 794488  Y 169291
X 800787  Y 169291
X 796850  Y 126771
X 807086  Y 126771
X 827559  Y 126771
X 817322  Y 126771
X 803937  Y 169291
X 807086  Y 169291
X 810236  Y 169291
X 807086  Y 172440
X 803937  Y 172440
X 803937  Y 175590
X 807086  Y 175590
X 803937  Y 178740
X 807086  Y 178740
X 803937  Y 181889
X 807086  Y 181889
X 810236  Y 188188
X 803937  Y 188188
X 807086  Y 188188
X 803937  Y 191338
X 807086  Y 191338
X 810236  Y 191338
X 803937  Y 194488
X 807086  Y 194488
X 810236  Y 194488
X 803937  Y 197637
X 810236  Y 197637
X 807086  Y 197637
X 807086  Y 200787
X 810236  Y 200787
X 803937  Y 200787
X 803937  Y 203937
X 807086  Y 203937
X 807086  Y 276377
X 817322  Y 276377
X 827559  Y 276377
X 803937  Y 318897
X 810236  Y 318897
X 807086  Y 318897
X 803937  Y 322047
X 807086  Y 322047
X 807086  Y 325196
X 803937  Y 325196
X 803937  Y 328346
X 807086  Y 328346
X 803937  Y 331496
X 807086  Y 331496
X 807086  Y 337795
X 810236  Y 337795
X 803937  Y 337795
X 807086  Y 340944
X 803937  Y 340944
X 810236  Y 340944
X 810236  Y 344094
X 803937  Y 344094
X 807086  Y 344094
X 810236  Y 347244
X 807086  Y 347244
X 803937  Y 347244
X 810236  Y 350393
X 807086  Y 350393
X 803937  Y 350393
X 803937  Y 353543
X 807086  Y 353543
X 807086  Y 468503
X 803937  Y 468503
X 810236  Y 468503
X 807086  Y 471653
X 803937  Y 471653
X 807086  Y 474803
X 803937  Y 474803
X 807086  Y 477952
X 803937  Y 477952
X 803937  Y 481102
X 807086  Y 481102
X 807086  Y 487401
X 810236  Y 487401
X 803937  Y 487401
X 810236  Y 490551
X 807086  Y 490551
X 803937  Y 490551
X 810236  Y 493700
X 807086  Y 493700
X 803937  Y 493700
X 807086  Y 496850
X 803937  Y 496850
X 810236  Y 496850
X 807086  Y 500000
X 803937  Y 500000
X 810236  Y 500000
X 807086  Y 503149
X 803937  Y 503149
X 895275  Y 425196
X 892125  Y 425196
X 888976  Y 425196
X 885826  Y 425196
X 882677  Y 425196
X 898425  Y 425196
X 895275  Y 422047
X 892125  Y 422047
X 888976  Y 422047
X 885826  Y 422047
X 898425  Y 422047
X 895275  Y 418897
X 892125  Y 418897
X 888976  Y 418897
X 885826  Y 418897
X 898425  Y 418897
X 898425  Y 415748
X 895275  Y 415748
X 892125  Y 415748
X 888976  Y 415748
X 885826  Y 415748
X 898425  Y 412598
X 895275  Y 412598
X 892125  Y 412598
X 888976  Y 412598
X 885826  Y 412598
X 885826  Y 406299
X 892125  Y 406299
X 895275  Y 406299
X 888976  Y 406299
X 882677  Y 406299
X 898425  Y 406299
X 895275  Y 403149
X 888976  Y 403149
X 892125  Y 403149
X 885826  Y 403149
X 882677  Y 403149
X 898425  Y 403149
X 895275  Y 400000
X 892125  Y 400000
X 888976  Y 400000
X 885826  Y 400000
X 882677  Y 400000
X 898425  Y 400000
X 895275  Y 396850
X 892125  Y 396850
X 888976  Y 396850
X 885826  Y 396850
X 882677  Y 396850
X 898425  Y 396850
X 892125  Y 393700
X 888976  Y 393700
X 885826  Y 393700
X 895275  Y 393700
X 882677  Y 393700
X 898425  Y 393700
X 895275  Y 390551
X 892125  Y 390551
X 888976  Y 390551
X 885826  Y 390551
X 898425  Y 390551
X 882677  Y 275590
X 888976  Y 275590
X 885826  Y 275590
X 898425  Y 275590
X 892125  Y 275590
X 895275  Y 275590
X 888976  Y 272440
X 898425  Y 272440
X 892125  Y 272440
X 885826  Y 272440
X 895275  Y 272440
X 898425  Y 269291
X 888976  Y 269291
X 895275  Y 269291
X 892125  Y 269291
X 885826  Y 269291
X 885826  Y 266141
X 898425  Y 266141
X 895275  Y 266141
X 892125  Y 266141
X 888976  Y 266141
X 885826  Y 262992
X 888976  Y 262992
X 898425  Y 262992
X 895275  Y 262992
X 892125  Y 262992
X 895275  Y 256692
X 892125  Y 256692
X 885826  Y 256692
X 888976  Y 256692
X 898425  Y 256692
X 882677  Y 256692
X 882677  Y 253543
X 895275  Y 253543
X 898425  Y 253543
X 888976  Y 253543
X 892125  Y 253543
X 885826  Y 253543
X 892125  Y 250393
X 895275  Y 250393
X 882677  Y 250393
X 888976  Y 250393
X 885826  Y 250393
X 898425  Y 250393
X 898425  Y 247244
X 895275  Y 247244
X 882677  Y 247244
X 892125  Y 247244
X 888976  Y 247244
X 885826  Y 247244
X 888976  Y 244094
X 882677  Y 244094
X 898425  Y 244094
X 885826  Y 244094
X 892125  Y 244094
X 895275  Y 244094
X 898425  Y 240944
X 888976  Y 240944
X 895275  Y 240944
X 892125  Y 240944
X 885826  Y 240944
X 885826  Y 125984
X 882677  Y 125984
X 898425  Y 125984
X 892125  Y 125984
X 888976  Y 125984
X 895275  Y 125984
X 888976  Y 122834
X 895275  Y 122834
X 892125  Y 122834
X 898425  Y 122834
X 885826  Y 122834
X 895275  Y 119685
X 898425  Y 119685
X 888976  Y 119685
X 885826  Y 119685
X 892125  Y 119685
X 898425  Y 116535
X 895275  Y 116535
X 892125  Y 116535
X 888976  Y 116535
X 885826  Y 116535
X 898425  Y 113385
X 895275  Y 113385
X 885826  Y 113385
X 888976  Y 113385
X 892125  Y 113385
X 895275  Y 107086
X 882677  Y 107086
X 888976  Y 107086
X 892125  Y 107086
X 885826  Y 107086
X 898425  Y 107086
X 895275  Y 103937
X 882677  Y 103937
X 892125  Y 103937
X 885826  Y 103937
X 888976  Y 103937
X 898425  Y 103937
X 892125  Y 100787
X 898425  Y 100787
X 882677  Y 100787
X 885826  Y 100787
X 888976  Y 100787
X 895275  Y 100787
X 882677  Y 97637
X 895275  Y 97637
X 898425  Y 97637
X 892125  Y 97637
X 888976  Y 97637
X 885826  Y 97637
X 888976  Y 94488
X 892125  Y 94488
X 885826  Y 94488
X 882677  Y 94488
X 895275  Y 94488
X 898425  Y 94488
X 885826  Y 91338
X 892125  Y 91338
X 888976  Y 91338
X 895275  Y 91338
X 898425  Y 91338
X 907874  Y 91338
X 904724  Y 91338
X 911023  Y 91338
X 914173  Y 91338
X 917322  Y 91338
X 907874  Y 94488
X 904724  Y 94488
X 911023  Y 94488
X 914173  Y 94488
X 920472  Y 94488
X 917322  Y 94488
X 914173  Y 97637
X 904724  Y 97637
X 907874  Y 97637
X 917322  Y 97637
X 920472  Y 97637
X 911023  Y 97637
X 911023  Y 100787
X 914173  Y 100787
X 907874  Y 100787
X 917322  Y 100787
X 904724  Y 100787
X 920472  Y 100787
X 904724  Y 103937
X 914173  Y 103937
X 911023  Y 103937
X 917322  Y 103937
X 920472  Y 103937
X 907874  Y 103937
X 914173  Y 107086
X 911023  Y 107086
X 904724  Y 107086
X 907874  Y 107086
X 917322  Y 107086
X 920472  Y 107086
X 907874  Y 113385
X 904724  Y 113385
X 920472  Y 113385
X 917322  Y 113385
X 911023  Y 113385
X 914173  Y 113385
X 920462  Y 116525
X 907874  Y 116535
X 904724  Y 116535
X 917322  Y 116535
X 914173  Y 116535
X 911023  Y 116535
X 914173  Y 119685
X 917322  Y 119685
X 907874  Y 119685
X 911023  Y 119685
X 904724  Y 119685
X 920472  Y 122834
X 917322  Y 122834
X 914173  Y 122834
X 907874  Y 122834
X 911023  Y 122834
X 904724  Y 122834
X 917322  Y 125984
X 911023  Y 125984
X 914173  Y 125984
X 904724  Y 125984
X 907874  Y 125984
X 928346  Y 159448
X 904724  Y 240944
X 907874  Y 240944
X 911023  Y 240944
X 914173  Y 240944
X 917322  Y 240944
X 904724  Y 244094
X 907874  Y 244094
X 920472  Y 244094
X 914173  Y 244094
X 911023  Y 244094
X 917322  Y 244094
X 914173  Y 247244
X 907874  Y 247244
X 904724  Y 247244
X 911023  Y 247244
X 920472  Y 247244
X 917322  Y 247244
X 920472  Y 250393
X 911023  Y 250393
X 914173  Y 250393
X 904724  Y 250393
X 907874  Y 250393
X 917322  Y 250393
X 917322  Y 253543
X 914173  Y 253543
X 907874  Y 253543
X 904724  Y 253543
X 920472  Y 253543
X 911023  Y 253543
X 911023  Y 256692
X 907874  Y 256692
X 914173  Y 256692
X 904724  Y 256692
X 920472  Y 256692
X 917322  Y 256692
X 904724  Y 262992
X 911023  Y 262992
X 920472  Y 262992
X 914173  Y 262992
X 917322  Y 262992
X 907874  Y 262992
X 920462  Y 266132
X 911023  Y 266141
X 917322  Y 266141
X 914173  Y 266141
X 904724  Y 266141
X 907874  Y 266141
X 914173  Y 269291
X 907874  Y 269291
X 904724  Y 269291
X 911023  Y 269291
X 917322  Y 269291
X 914173  Y 272440
X 911023  Y 272440
X 907874  Y 272440
X 920472  Y 272440
X 904724  Y 272440
X 917322  Y 272440
X 907874  Y 275590
X 911023  Y 275590
X 914173  Y 275590
X 917322  Y 275590
X 904724  Y 275590
X 928346  Y 309055
X 904724  Y 390551
X 917322  Y 390551
X 914173  Y 390551
X 911023  Y 390551
X 907874  Y 390551
X 911023  Y 393700
X 907874  Y 393700
X 904724  Y 393700
X 914173  Y 393700
X 917322  Y 393700
X 920472  Y 393700
X 920472  Y 396850
X 914173  Y 396850
X 917322  Y 396850
X 907874  Y 396850
X 904724  Y 396850
X 911023  Y 396850
X 914173  Y 400000
X 911023  Y 400000
X 917322  Y 400000
X 907874  Y 400000
X 904724  Y 400000
X 920472  Y 400000
X 920472  Y 403149
X 907874  Y 403149
X 911023  Y 403149
X 917322  Y 403149
X 904724  Y 403149
X 914173  Y 403149
X 917322  Y 406299
X 904724  Y 406299
X 907874  Y 406299
X 920472  Y 406299
X 914173  Y 406299
X 911023  Y 406299
X 904724  Y 412598
X 907874  Y 412598
X 920472  Y 412598
X 911023  Y 412598
X 914173  Y 412598
X 917322  Y 412598
X 920462  Y 415738
X 907874  Y 415748
X 917322  Y 415748
X 914173  Y 415748
X 911023  Y 415748
X 904724  Y 415748
X 911023  Y 418897
X 917322  Y 418897
X 914173  Y 418897
X 904724  Y 418897
X 907874  Y 418897
X 904724  Y 422047
X 920472  Y 422047
X 914173  Y 422047
X 911023  Y 422047
X 907874  Y 422047
X 917322  Y 422047
X 914173  Y 425196
X 911023  Y 425196
X 917322  Y 425196
X 907874  Y 425196
X 904724  Y 425196
X 928346  Y 458661
X 936614  Y 467322
X 933858  Y 458661
X 939370  Y 458661
X 936614  Y 317716
X 939370  Y 309055
X 933858  Y 309055
X 936614  Y 168110
X 939370  Y 159448
X 933858  Y 159448

Drill: .012  Tool: 2  Feed: 0  Speed: 0
X 97244  Y 89370
X 101574  Y 94094
X 101574  Y 99212
X 93996  Y 112696
X 60039  Y 113681
X 72342  Y 119094
X 75984  Y 119094
X 79724  Y 119094
X 65944  Y 126476
X 93996  Y 126476
X 87598  Y 126476
X 83661  Y 126476
X 100393  Y 129921
X 82677  Y 130905
X 81692  Y 136811
X 98031  Y 318897
X 90551  Y 322834
X 94488  Y 326771
X 126968  Y 326771
X 149606  Y 229330
X 144685  Y 229330
X 146496  Y 210629
X 151496  Y 210629
X 134448  Y 209842
X 134448  Y 195669
X 134448  Y 189763
X 146496  Y 179133
X 141338  Y 179133
X 151968  Y 157086
X 147244  Y 143700
X 149606  Y 137795
X 149606  Y 131889
X 146456  Y 125984
X 153937  Y 84764
X 178149  Y 88090
X 166338  Y 115649
X 170090  Y 115649
X 162586  Y 115649
X 169291  Y 120078
X 176181  Y 121062
X 156299  Y 122834
X 176181  Y 130413
X 172736  Y 131397
X 159448  Y 137795
X 172736  Y 137795
X 165354  Y 143700
X 161417  Y 143700
X 176181  Y 144685
X 161417  Y 150590
X 171259  Y 156003
X 176181  Y 156003
X 166338  Y 156003
X 166338  Y 168799
X 156496  Y 179133
X 171496  Y 179133
X 161496  Y 179133
X 166496  Y 210629
X 161496  Y 210629
X 156496  Y 221259
X 171259  Y 221259
X 159448  Y 229330
X 174704  Y 229330
X 164862  Y 229330
X 169783  Y 229330
X 154527  Y 229330
X 169783  Y 298720
X 173228  Y 307086
X 158464  Y 475393
X 181102  Y 526574
X 184547  Y 299212
X 189468  Y 299212
X 179625  Y 297244
X 179665  Y 287893
X 194665  Y 287893
X 189370  Y 260629
X 184645  Y 255118
X 194665  Y 240157
X 199665  Y 240157
X 191141  Y 233858
X 184645  Y 233858
X 179625  Y 229330
X 201574  Y 218700
X 201574  Y 213188
X 189665  Y 170275
X 197145  Y 170275
X 183562  Y 167814
X 200295  Y 158661
X 183562  Y 156988
X 198523  Y 154527
X 183562  Y 153051
X 183562  Y 139271
X 201082  Y 131889
X 195964  Y 131889
X 192913  Y 120570
X 203248  Y 109744
X 183562  Y 109251
X 181102  Y 106299
X 186023  Y 106299
X 198326  Y 100393
X 189960  Y 96948
X 191929  Y 88090
X 182578  Y 84645
X 187500  Y 84645
X 208661  Y 105807
X 213582  Y 105807
X 208661  Y 116633
X 213582  Y 116633
X 219488  Y 121062
X 211614  Y 126181
X 213582  Y 131889
X 210629  Y 158956
X 220472  Y 158956
X 215551  Y 168307
X 205472  Y 176712
X 225472  Y 176712
X 210629  Y 221062
X 220472  Y 221062
X 223425  Y 229330
X 204665  Y 240157
X 209665  Y 240157
X 223425  Y 240157
X 228346  Y 240157
X 228405  Y 257874
X 204665  Y 287893
X 228405  Y 287893
X 223405  Y 287893
X 204724  Y 299212
X 209645  Y 299212
X 223425  Y 299212
X 220472  Y 307480
X 232283  Y 425196
X 236220  Y 425196
X 240157  Y 425196
X 244094  Y 425196
X 236220  Y 421259
X 232283  Y 421259
X 240157  Y 421259
X 244094  Y 421259
X 236220  Y 417322
X 232283  Y 417322
X 240157  Y 417322
X 244094  Y 417322
X 236220  Y 413385
X 232283  Y 413385
X 240157  Y 413385
X 244094  Y 413385
X 232283  Y 409448
X 248031  Y 409448
X 232283  Y 405511
X 232283  Y 401574
X 232283  Y 397637
X 241338  Y 397637
X 232283  Y 393700
X 232283  Y 389763
X 242125  Y 387795
X 232283  Y 385826
X 248031  Y 384645
X 236220  Y 381889
X 232283  Y 381889
X 244094  Y 381889
X 240157  Y 381889
X 252952  Y 333661
X 243405  Y 287893
X 253405  Y 287893
X 248405  Y 287893
X 238405  Y 287893
X 233405  Y 287893
X 233405  Y 268897
X 248405  Y 266141
X 253444  Y 240157
X 243602  Y 240157
X 233267  Y 240157
X 248523  Y 240157
X 238188  Y 240157
X 253346  Y 222834
X 235236  Y 221062
X 230314  Y 221062
X 249803  Y 212648
X 235472  Y 179133
X 230314  Y 168307
X 248080  Y 158661
X 243110  Y 158267
X 243110  Y 144488
X 243110  Y 131496
X 243110  Y 117322
X 237795  Y 100393
X 235433  Y 82677
X 230314  Y 82677
X 262401  Y 110236
X 273129  Y 118110
X 269094  Y 120866
X 254625  Y 120866
X 267421  Y 131496
X 267421  Y 144094
X 269094  Y 154724
X 263779  Y 157874
X 257283  Y 165748
X 257283  Y 176673
X 269291  Y 179133
X 264370  Y 214566
X 274212  Y 214566
X 269291  Y 220472
X 259448  Y 220472
X 258366  Y 229330
X 269832  Y 233267
X 263632  Y 233267
X 278405  Y 240157
X 273405  Y 240157
X 258366  Y 240157
X 258267  Y 255118
X 263405  Y 287893
X 273405  Y 287893
X 258405  Y 287893
X 258366  Y 299212
X 277952  Y 318897
X 259055  Y 325590
X 259055  Y 329921
X 277559  Y 337598
X 265748  Y 337598
X 262204  Y 349212
X 271653  Y 349212
X 271653  Y 356692
X 266929  Y 356692
X 276377  Y 356692
X 262204  Y 360629
X 259055  Y 381889
X 270669  Y 383464
X 261811  Y 397637
X 258267  Y 397637
X 277559  Y 397637
X 265354  Y 410629
X 274015  Y 411023
X 268700  Y 411811
X 253937  Y 437007
X 259842  Y 437007
X 265748  Y 437007
X 277559  Y 437007
X 253937  Y 440944
X 259842  Y 440944
X 265748  Y 440944
X 277559  Y 440944
X 259842  Y 444881
X 253937  Y 444881
X 265748  Y 444881
X 277559  Y 444881
X 265748  Y 448818
X 277559  Y 448818
X 253937  Y 448818
X 259842  Y 448818
X 303149  Y 500000
X 303149  Y 496062
X 303149  Y 492125
X 303149  Y 488188
X 289370  Y 448818
X 283464  Y 448818
X 289370  Y 444881
X 283464  Y 444881
X 289370  Y 440944
X 283464  Y 440944
X 289370  Y 437007
X 283464  Y 437007
X 295275  Y 425196
X 299212  Y 425196
X 303149  Y 425196
X 295275  Y 421259
X 299212  Y 421259
X 303149  Y 421259
X 295275  Y 417322
X 299212  Y 417322
X 303149  Y 417322
X 295275  Y 413385
X 303149  Y 413385
X 299212  Y 413385
X 285039  Y 411023
X 297244  Y 410629
X 291338  Y 405905
X 291338  Y 400787
X 281496  Y 397637
X 285433  Y 397637
X 294685  Y 394685
X 299212  Y 393700
X 303149  Y 393700
X 279921  Y 390944
X 303149  Y 389763
X 299212  Y 389763
X 291338  Y 389763
X 295275  Y 389763
X 279921  Y 388582
X 291338  Y 385826
X 303149  Y 385826
X 295275  Y 385826
X 299212  Y 385826
X 284055  Y 383464
X 295275  Y 381889
X 299212  Y 381889
X 303149  Y 381889
X 291338  Y 381889
X 279133  Y 363385
X 279133  Y 349212
X 286909  Y 345472
X 302362  Y 335826
X 302165  Y 327755
X 302165  Y 321850
X 288385  Y 299606
X 302165  Y 299212
X 302145  Y 287893
X 302145  Y 251968
X 283405  Y 240157
X 288405  Y 240157
X 302145  Y 240157
X 302165  Y 229330
X 279133  Y 220472
X 284448  Y 214566
X 295472  Y 200196
X 299212  Y 189074
X 284291  Y 179133
X 279291  Y 179133
X 299212  Y 178740
X 299212  Y 166043
X 301968  Y 138976
X 279527  Y 118110
X 295472  Y 110039
X 299212  Y 91633
X 299212  Y 68602
X 295472  Y 58464
X 299212  Y 45374
X 299212  Y 35137
X 299212  Y 22342
X 322834  Y 22342
X 322834  Y 45275
X 309645  Y 58464
X 322244  Y 58464
X 309645  Y 103740
X 322244  Y 103740
X 309645  Y 110039
X 322244  Y 110039
X 305118  Y 125000
X 324803  Y 148720
X 318897  Y 154625
X 305118  Y 154625
X 318897  Y 158267
X 309645  Y 200196
X 322244  Y 200196
X 317145  Y 240157
X 322145  Y 240157
X 307145  Y 240157
X 312145  Y 240157
X 327145  Y 240157
X 307145  Y 254724
X 327145  Y 263385
X 312145  Y 274803
X 322145  Y 287893
X 327145  Y 287893
X 317145  Y 287893
X 312145  Y 287893
X 307145  Y 287893
X 307086  Y 381889
X 307086  Y 385826
X 307086  Y 389763
X 307086  Y 393700
X 307086  Y 397637
X 303937  Y 400787
X 307086  Y 401574
X 318897  Y 404724
X 307086  Y 405511
X 307086  Y 409448
X 307086  Y 413385
X 307086  Y 417322
X 307086  Y 421259
X 307086  Y 425196
X 309055  Y 488188
X 314960  Y 488188
X 326771  Y 488188
X 314960  Y 492125
X 309055  Y 492125
X 326771  Y 492125
X 314960  Y 496062
X 309055  Y 496062
X 326771  Y 496062
X 309055  Y 500000
X 314960  Y 500000
X 326771  Y 500000
X 332677  Y 500000
X 338582  Y 500000
X 332677  Y 496062
X 338582  Y 496062
X 332677  Y 492125
X 338582  Y 492125
X 332677  Y 488188
X 338582  Y 488188
X 328740  Y 450393
X 337401  Y 447244
X 333464  Y 417716
X 347637  Y 417716
X 337007  Y 388681
X 337007  Y 383562
X 333464  Y 362598
X 347637  Y 362598
X 337401  Y 343799
X 337401  Y 333562
X 337401  Y 328444
X 332145  Y 308858
X 337106  Y 299212
X 332145  Y 287893
X 352145  Y 287893
X 337145  Y 287893
X 337007  Y 260629
X 337145  Y 240157
X 332145  Y 240157
X 349606  Y 234251
X 343307  Y 234251
X 351968  Y 229527
X 337106  Y 229330
X 336417  Y 200196
X 332185  Y 189074
X 351377  Y 175590
X 351377  Y 172047
X 351377  Y 168503
X 332677  Y 166043
X 330708  Y 147736
X 344881  Y 114173
X 336417  Y 110039
X 341338  Y 94881
X 336614  Y 93503
X 338582  Y 89074
X 342519  Y 86515
X 338582  Y 83956
X 342519  Y 81397
X 338582  Y 78838
X 342519  Y 76279
X 338582  Y 73720
X 332677  Y 68602
X 336417  Y 58464
X 351181  Y 47637
X 351181  Y 44094
X 351181  Y 40551
X 351181  Y 37007
X 332283  Y 22342
X 370078  Y 25984
X 370078  Y 31496
X 370078  Y 35039
X 370078  Y 44488
X 362204  Y 168503
X 362204  Y 177952
X 364960  Y 181102
X 357283  Y 220472
X 367125  Y 240157
X 362204  Y 240157
X 357283  Y 240157
X 367125  Y 299212
X 362204  Y 299212
X 367618  Y 325295
X 371062  Y 351476
X 360236  Y 362598
X 374803  Y 368897
X 360236  Y 368897
X 364173  Y 380708
X 370866  Y 383562
X 373622  Y 386220
X 376968  Y 388681
X 372047  Y 391338
X 376968  Y 393799
X 372047  Y 396456
X 376968  Y 398917
X 372047  Y 401574
X 376968  Y 404035
X 372047  Y 406496
X 374803  Y 417716
X 360629  Y 417716
X 360629  Y 424015
X 374803  Y 424015
X 367716  Y 429527
X 361023  Y 474114
X 361023  Y 479232
X 361220  Y 489468
X 370866  Y 508267
X 371259  Y 514566
X 357086  Y 514566
X 385039  Y 514566
X 398818  Y 514566
X 385039  Y 508267
X 398818  Y 508267
X 413385  Y 507874
X 421259  Y 507874
X 394685  Y 497145
X 426617  Y 484251
X 412795  Y 483661
X 414370  Y 480118
X 412795  Y 476574
X 414370  Y 473031
X 391240  Y 470964
X 424409  Y 467716
X 410925  Y 444881
X 411023  Y 439960
X 411023  Y 435039
X 411023  Y 430118
X 392125  Y 429527
X 411023  Y 425196
X 392125  Y 418503
X 415748  Y 371653
X 426771  Y 366141
X 415748  Y 366141
X 413385  Y 362204
X 405118  Y 354724
X 389763  Y 351771
X 408267  Y 351574
X 397637  Y 348228
X 397637  Y 344685
X 411417  Y 341338
X 397637  Y 341141
X 426617  Y 334645
X 397637  Y 327362
X 424409  Y 318110
X 410925  Y 295275
X 411023  Y 290354
X 411023  Y 285433
X 411023  Y 280511
X 411023  Y 275590
X 415748  Y 222834
X 415748  Y 216535
X 426771  Y 216535
X 415748  Y 210236
X 426617  Y 185039
X 424015  Y 168503
X 414862  Y 161417
X 405511  Y 147244
X 394881  Y 147244
X 410925  Y 145669
X 394881  Y 142322
X 411023  Y 140748
X 387401  Y 140738
X 394685  Y 136950
X 411023  Y 135826
X 411023  Y 130905
X 397824  Y 127952
X 411023  Y 125984
X 388582  Y 74015
X 415748  Y 73228
X 422047  Y 66929
X 415748  Y 66929
X 433070  Y 66929
X 435039  Y 148622
X 448818  Y 159842
X 443307  Y 159842
X 434251  Y 168503
X 444488  Y 168503
X 447089  Y 185039
X 441970  Y 185039
X 452206  Y 185039
X 436853  Y 185039
X 431733  Y 185039
X 451631  Y 196850
X 438131  Y 196850
X 435039  Y 298720
X 443307  Y 309448
X 448818  Y 309448
X 444881  Y 318110
X 434645  Y 318110
X 452206  Y 334645
X 447089  Y 334645
X 431733  Y 334645
X 436853  Y 334645
X 441970  Y 334645
X 443307  Y 459055
X 448818  Y 459055
X 434645  Y 467716
X 444881  Y 467716
X 436853  Y 484251
X 431733  Y 484251
X 441970  Y 484251
X 452206  Y 484251
X 447089  Y 484251
X 433070  Y 507874
X 440944  Y 507874
X 469685  Y 503937
X 472047  Y 494881
X 462442  Y 484251
X 457325  Y 484251
X 455118  Y 467716
X 472201  Y 465354
X 454330  Y 459055
X 459055  Y 459055
X 469685  Y 354330
X 472201  Y 345121
X 462442  Y 334645
X 457325  Y 334645
X 455118  Y 318110
X 472201  Y 315748
X 459055  Y 309448
X 454330  Y 309448
X 472440  Y 216535
X 469685  Y 204724
X 472201  Y 195669
X 462442  Y 185039
X 457325  Y 185039
X 454724  Y 168503
X 472201  Y 166141
X 459055  Y 159842
X 454330  Y 159842
X 471653  Y 66929
X 482677  Y 66929
X 500000  Y 86614
X 500000  Y 110236
X 499212  Y 140157
X 487401  Y 159448
X 492913  Y 159448
X 498425  Y 159448
X 490551  Y 166141
X 483815  Y 166141
X 487401  Y 175590
X 490551  Y 191141
X 483815  Y 195669
X 481299  Y 204724
X 483464  Y 216535
X 500000  Y 236220
X 500000  Y 259842
X 483815  Y 315944
X 490510  Y 315944
X 490593  Y 340551
X 483759  Y 344980
X 481299  Y 354330
X 499606  Y 385826
X 499606  Y 409448
X 500000  Y 439370
X 483815  Y 465354
X 490510  Y 465354
X 495669  Y 466929
X 487401  Y 474803
X 490593  Y 490177
X 483815  Y 494862
X 487401  Y 499212
X 481299  Y 503937
X 520866  Y 507874
X 520866  Y 484251
X 523622  Y 460629
X 520866  Y 454330
X 511811  Y 439370
X 511023  Y 409448
X 511023  Y 385826
X 520669  Y 358267
X 520472  Y 334645
X 523622  Y 311023
X 520472  Y 304724
X 512598  Y 289763
X 507874  Y 283464
X 511023  Y 259842
X 511023  Y 236220
X 520669  Y 208661
X 520669  Y 185039
X 523622  Y 161417
X 520472  Y 155118
X 511811  Y 140157
X 507874  Y 133858
X 511023  Y 110236
X 511811  Y 86614
X 550196  Y 90551
X 547680  Y 100000
X 540902  Y 103937
X 544094  Y 119685
X 535433  Y 127559
X 540985  Y 129133
X 547680  Y 129133
X 532677  Y 155118
X 532677  Y 185039
X 532677  Y 208661
X 547637  Y 227952
X 550393  Y 239763
X 547680  Y 249606
X 540902  Y 253543
X 544094  Y 268897
X 535433  Y 277165
X 540985  Y 278740
X 547680  Y 278740
X 544094  Y 285433
X 533070  Y 285433
X 538582  Y 285433
X 532677  Y 304724
X 532677  Y 334645
X 532677  Y 358267
X 549606  Y 377952
X 550196  Y 389763
X 547680  Y 398838
X 540902  Y 403523
X 535433  Y 426771
X 547680  Y 428346
X 540985  Y 428346
X 532677  Y 454330
X 532677  Y 484251
X 532677  Y 507874
X 541732  Y 527559
X 552755  Y 527559
X 572440  Y 434645
X 577165  Y 434645
X 559294  Y 428346
X 569053  Y 409448
X 574170  Y 409448
X 559294  Y 398838
X 561811  Y 389763
X 560629  Y 377952
X 572440  Y 285039
X 577165  Y 285039
X 559294  Y 278740
X 576377  Y 276377
X 569053  Y 259842
X 574170  Y 259842
X 559294  Y 249606
X 561811  Y 239763
X 559448  Y 227952
X 572440  Y 135433
X 577165  Y 135433
X 559294  Y 129133
X 574170  Y 110236
X 569053  Y 110236
X 559294  Y 100000
X 561811  Y 90551
X 584406  Y 110236
X 579289  Y 110236
X 594642  Y 110236
X 599762  Y 110236
X 589525  Y 110236
X 588188  Y 135433
X 582677  Y 135433
X 595866  Y 146555
X 579289  Y 259842
X 594642  Y 259842
X 589525  Y 259842
X 584406  Y 259842
X 599762  Y 259842
X 586614  Y 276377
X 596850  Y 276377
X 582677  Y 285039
X 588188  Y 285039
X 596850  Y 296161
X 584406  Y 409448
X 579289  Y 409448
X 594642  Y 409448
X 589525  Y 409448
X 599762  Y 409448
X 582677  Y 434645
X 588188  Y 434645
X 596850  Y 445275
X 592913  Y 527559
X 603937  Y 527559
X 621062  Y 468503
X 621062  Y 463582
X 621062  Y 458661
X 621062  Y 453740
X 621062  Y 448818
X 604878  Y 409448
X 615748  Y 377952
X 604724  Y 377952
X 615748  Y 370078
X 621259  Y 318897
X 621259  Y 313976
X 621259  Y 309055
X 621259  Y 304133
X 621259  Y 299212
X 607480  Y 276377
X 604878  Y 259842
X 603937  Y 228346
X 615748  Y 228346
X 615748  Y 220472
X 621259  Y 169291
X 621259  Y 164370
X 621259  Y 159448
X 621259  Y 154527
X 621259  Y 149606
X 604878  Y 110236
X 647244  Y 66929
X 635826  Y 66929
X 635826  Y 72440
X 630905  Y 125984
X 630905  Y 130905
X 630905  Y 135826
X 630905  Y 140748
X 630905  Y 145669
X 644881  Y 168503
X 647089  Y 185039
X 652206  Y 185039
X 647637  Y 216535
X 635826  Y 216535
X 635826  Y 222047
X 631299  Y 275590
X 631299  Y 280511
X 631299  Y 285433
X 631299  Y 290354
X 631299  Y 295275
X 652206  Y 334645
X 647089  Y 334645
X 647244  Y 366141
X 635826  Y 366141
X 635826  Y 371653
X 631299  Y 425196
X 631299  Y 430118
X 631299  Y 435039
X 631299  Y 439960
X 631299  Y 444881
X 644881  Y 467716
X 652206  Y 484251
X 647089  Y 484251
X 633858  Y 516929
X 633858  Y 530372
X 667562  Y 484251
X 672678  Y 484251
X 657325  Y 484251
X 662442  Y 484251
X 677798  Y 484251
X 654724  Y 467716
X 675590  Y 467716
X 665354  Y 467716
X 669291  Y 459055
X 674803  Y 459055
X 663779  Y 459055
X 656003  Y 447736
X 657325  Y 334645
X 667562  Y 334645
X 672678  Y 334645
X 662442  Y 334645
X 677798  Y 334645
X 663779  Y 309448
X 669291  Y 309448
X 674803  Y 309448
X 655905  Y 298425
X 662442  Y 185039
X 667562  Y 185039
X 657325  Y 185039
X 677798  Y 185039
X 672678  Y 185039
X 655118  Y 168503
X 675196  Y 168503
X 665354  Y 168503
X 674803  Y 159842
X 669291  Y 159842
X 663779  Y 159842
X 655807  Y 148818
X 692913  Y 66929
X 679527  Y 159842
X 692674  Y 166141
X 682914  Y 185039
X 692674  Y 195514
X 690157  Y 204724
X 701771  Y 204724
X 692913  Y 216535
X 679527  Y 309448
X 692674  Y 315748
X 682914  Y 334645
X 692674  Y 344881
X 701771  Y 354330
X 690157  Y 354330
X 692519  Y 366141
X 679527  Y 459055
X 692674  Y 465354
X 682914  Y 484251
X 692674  Y 494488
X 701771  Y 503937
X 690157  Y 503937
X 704288  Y 494488
X 711066  Y 490551
X 707874  Y 474803
X 704288  Y 465354
X 710982  Y 465354
X 720078  Y 439370
X 728346  Y 433070
X 720078  Y 409448
X 720078  Y 385826
X 704330  Y 366141
X 704288  Y 344881
X 711066  Y 340944
X 707874  Y 325196
X 710982  Y 315748
X 704288  Y 315748
X 707874  Y 309448
X 713385  Y 309448
X 718897  Y 309448
X 720472  Y 289763
X 728346  Y 283464
X 720472  Y 259842
X 720472  Y 232283
X 703937  Y 216535
X 704288  Y 195514
X 711066  Y 191099
X 707874  Y 175590
X 704288  Y 166141
X 710982  Y 166141
X 707874  Y 159842
X 713385  Y 159842
X 718897  Y 159842
X 720078  Y 140157
X 728346  Y 133858
X 720472  Y 110236
X 720472  Y 82677
X 703937  Y 66929
X 731496  Y 82677
X 731496  Y 110236
X 753543  Y 135433
X 732283  Y 140157
X 740944  Y 155905
X 752755  Y 155905
X 744094  Y 161417
X 752755  Y 185039
X 741732  Y 185039
X 752755  Y 212204
X 741732  Y 212204
X 731496  Y 232283
X 731496  Y 259842
X 753543  Y 285433
X 731889  Y 289763
X 752755  Y 304724
X 741338  Y 304724
X 744094  Y 311023
X 741732  Y 334645
X 752755  Y 334645
X 752755  Y 361811
X 741732  Y 361811
X 731889  Y 385826
X 731889  Y 409448
X 731889  Y 439370
X 752755  Y 454330
X 741338  Y 454330
X 744094  Y 460629
X 741732  Y 484251
X 752755  Y 484251
X 752755  Y 507874
X 741732  Y 507874
X 771259  Y 527559
X 760236  Y 527559
X 767955  Y 428346
X 761261  Y 428346
X 755905  Y 426771
X 764173  Y 418897
X 761178  Y 403149
X 767955  Y 399212
X 770472  Y 389763
X 768897  Y 377559
X 759055  Y 285433
X 767955  Y 278740
X 761261  Y 278740
X 755905  Y 277165
X 761178  Y 253937
X 772834  Y 249212
X 767955  Y 249212
X 770472  Y 240157
X 768897  Y 228346
X 759055  Y 135433
X 764566  Y 135433
X 761261  Y 129133
X 767955  Y 129133
X 755905  Y 127559
X 761178  Y 104330
X 767955  Y 99606
X 770472  Y 90551
X 782283  Y 90551
X 779766  Y 99606
X 799762  Y 110236
X 794642  Y 110236
X 789525  Y 110236
X 779766  Y 129133
X 797637  Y 135433
X 803149  Y 135433
X 792913  Y 135433
X 779921  Y 228346
X 782283  Y 240157
X 785039  Y 249212
X 779766  Y 249212
X 794642  Y 259842
X 789525  Y 259842
X 799762  Y 259842
X 779766  Y 278740
X 803149  Y 285039
X 797637  Y 285039
X 792913  Y 285039
X 779921  Y 377559
X 782480  Y 389763
X 779766  Y 399212
X 789525  Y 409448
X 799762  Y 409448
X 794642  Y 409448
X 796850  Y 425984
X 779766  Y 428346
X 797637  Y 434645
X 792913  Y 434645
X 803149  Y 434645
X 811417  Y 527559
X 822440  Y 527559
X 816535  Y 445275
X 808661  Y 434645
X 807480  Y 425984
X 817716  Y 425984
X 827952  Y 425984
X 815115  Y 409448
X 809998  Y 409448
X 804878  Y 409448
X 820234  Y 409448
X 825351  Y 409448
X 825196  Y 377952
X 816830  Y 296161
X 808661  Y 285039
X 825351  Y 259842
X 820234  Y 259842
X 809998  Y 259842
X 804878  Y 259842
X 815115  Y 259842
X 825196  Y 228346
X 816338  Y 146062
X 808661  Y 135433
X 820234  Y 110236
X 825351  Y 110236
X 815115  Y 110236
X 804878  Y 110236
X 809998  Y 110236
X 851771  Y 125984
X 851771  Y 130905
X 851771  Y 135826
X 851771  Y 140748
X 851771  Y 145669
X 841043  Y 149606
X 841043  Y 154527
X 841043  Y 159448
X 841043  Y 164370
X 841043  Y 169291
X 836220  Y 220472
X 836220  Y 228346
X 851771  Y 275590
X 851771  Y 280511
X 851771  Y 285433
X 851771  Y 290354
X 851771  Y 295275
X 841535  Y 299212
X 841535  Y 304133
X 841535  Y 309055
X 841535  Y 313976
X 841535  Y 318897
X 836220  Y 370078
X 836220  Y 377952
X 851771  Y 425196
X 851771  Y 430118
X 851771  Y 435039
X 851771  Y 439960
X 851771  Y 444881
X 841535  Y 448818
X 841535  Y 453740
X 841535  Y 458661
X 841535  Y 463582
X 841535  Y 468503
X 853937  Y 530314
X 854330  Y 516929
X 872678  Y 484251
X 867562  Y 484251
X 877798  Y 484251
X 865354  Y 467716
X 875590  Y 467716
X 876476  Y 448326
X 856299  Y 371653
X 867716  Y 366141
X 856299  Y 366141
X 877798  Y 334645
X 872678  Y 334645
X 867562  Y 334645
X 865354  Y 318110
X 875590  Y 318110
X 876476  Y 298228
X 856299  Y 222047
X 867716  Y 216535
X 856299  Y 216535
X 867562  Y 185039
X 872678  Y 185039
X 877798  Y 185039
X 865354  Y 168503
X 875590  Y 168503
X 876476  Y 149114
X 856299  Y 72834
X 856299  Y 66929
X 867716  Y 66929
X 884251  Y 159842
X 895275  Y 159842
X 889763  Y 159842
X 900000  Y 159842
X 896062  Y 168503
X 885826  Y 168503
X 888034  Y 185039
X 882914  Y 185039
X 898270  Y 185039
X 903387  Y 185039
X 893151  Y 185039
X 895275  Y 309448
X 889763  Y 309448
X 900000  Y 309448
X 884251  Y 309448
X 885826  Y 318110
X 896062  Y 318110
X 898270  Y 334645
X 888034  Y 334645
X 903387  Y 334645
X 882914  Y 334645
X 893151  Y 334645
X 900000  Y 459055
X 895275  Y 459055
X 889763  Y 459055
X 884251  Y 459055
X 885826  Y 467716
X 896062  Y 467716
X 898270  Y 484251
X 893151  Y 484251
X 882914  Y 484251
X 888034  Y 484251
X 903387  Y 484251
X 910629  Y 503937
X 922244  Y 503937
X 913146  Y 494488
X 924760  Y 494488
X 928346  Y 474803
X 913146  Y 465354
X 924760  Y 465354
X 912992  Y 366141
X 924803  Y 366141
X 922244  Y 354330
X 910629  Y 354330
X 913146  Y 344881
X 924760  Y 344881
X 928346  Y 325196
X 924760  Y 315748
X 913146  Y 315748
X 912992  Y 216535
X 924803  Y 216535
X 910629  Y 204724
X 922244  Y 204724
X 913146  Y 195275
X 924760  Y 195275
X 928346  Y 175590
X 924760  Y 166141
X 913146  Y 166141
X 924803  Y 66929
X 912992  Y 66929
X 952362  Y 86614
X 940551  Y 86614
X 940551  Y 110236
X 952362  Y 110236
X 948818  Y 133858
X 940944  Y 140157
X 952362  Y 140157
X 931455  Y 166141
X 931538  Y 191338
X 940551  Y 236220
X 952362  Y 236220
X 940551  Y 259842
X 952362  Y 259842
X 948818  Y 283464
X 940551  Y 289763
X 952362  Y 289763
X 931455  Y 315748
X 931538  Y 340944
X 940551  Y 385826
X 952362  Y 385826
X 952362  Y 409448
X 940551  Y 409448
X 948818  Y 433070
X 940944  Y 439370
X 952362  Y 439370
X 931455  Y 465354
X 931538  Y 490551

Drill: .014  Tool: 3  Feed: 0  Speed: 0
X 435039  Y 159842
X 429921  Y 159842
X 429921  Y 309448
X 435039  Y 309448
X 428740  Y 459055
X 433070  Y 459055
X 596850  Y 434251
X 601968  Y 434251
X 596850  Y 285039
X 601968  Y 285039
X 595866  Y 135433
X 600787  Y 135433
X 650787  Y 159842
X 655905  Y 159842
X 655905  Y 309448
X 650787  Y 309448
X 656003  Y 458661
X 651082  Y 458661
X 816535  Y 435039
X 822834  Y 435039
X 816929  Y 285433
X 822047  Y 285433
X 821259  Y 135433
X 816338  Y 135236
X 871653  Y 159842
X 876476  Y 159940
X 871653  Y 309448
X 876377  Y 309448
X 876476  Y 458956
X 871259  Y 459055

Drill: .016  Tool: 4  Feed: 0  Speed: 0
X 55118  Y 322834
X 66929  Y 322834
X 66929  Y 334645
X 55118  Y 334645
X 55118  Y 346456
X 66929  Y 346456
X 55118  Y 358267
X 66929  Y 358267
X 66929  Y 370078
X 55118  Y 370078
X 55118  Y 381889
X 66929  Y 381889
X 66929  Y 393700
X 55118  Y 393700
X 55118  Y 405511
X 66929  Y 405511
X 55118  Y 417322
X 66929  Y 417322
X 66929  Y 429133
X 55118  Y 429133
X 55118  Y 440944
X 66929  Y 440944
X 66929  Y 452755
X 55118  Y 452755
X 55118  Y 464566
X 66929  Y 464566
X 66929  Y 476377
X 55118  Y 476377
X 55118  Y 488188
X 53641  Y 498523
X 58070  Y 502952
X 53641  Y 508858
X 74311  Y 508858
X 66437  Y 511811
X 53641  Y 519192
X 74311  Y 519192
X 63976  Y 519192
X 53641  Y 529527
X 53641  Y 536909
X 84645  Y 536909
X 84645  Y 529527
X 94980  Y 519192
X 84645  Y 519192
X 82677  Y 511811
X 99409  Y 511811
X 90551  Y 476377
X 78740  Y 476377
X 102362  Y 476377
X 90551  Y 464566
X 78740  Y 464566
X 102362  Y 464566
X 90551  Y 452755
X 78740  Y 452755
X 102362  Y 452755
X 78740  Y 440944
X 102362  Y 440944
X 95964  Y 439960
X 85629  Y 439960
X 91117  Y 439960
X 79724  Y 433070
X 101870  Y 433070
X 91117  Y 426255
X 85629  Y 426181
X 95964  Y 426181
X 90551  Y 417322
X 78740  Y 417322
X 102362  Y 417322
X 90551  Y 405511
X 78740  Y 405511
X 102362  Y 405511
X 78740  Y 393700
X 102362  Y 393700
X 85629  Y 392716
X 91117  Y 392716
X 95964  Y 392716
X 101870  Y 385826
X 79724  Y 385826
X 78740  Y 381889
X 91117  Y 379011
X 95964  Y 378937
X 85629  Y 378937
X 102362  Y 370078
X 78740  Y 370078
X 90551  Y 370078
X 90551  Y 358267
X 78740  Y 358267
X 95472  Y 355314
X 90551  Y 346456
X 78740  Y 346456
X 95472  Y 339566
X 90551  Y 334645
X 78740  Y 334645
X 98917  Y 326771
X 78740  Y 322834
X 115649  Y 84153
X 112992  Y 142913
X 118110  Y 318897
X 118602  Y 326771
X 120570  Y 339566
X 120570  Y 355314
X 118110  Y 366141
X 119929  Y 378937
X 125417  Y 379011
X 114665  Y 385826
X 125417  Y 392716
X 119929  Y 392716
X 118110  Y 401574
X 118110  Y 413385
X 119929  Y 426181
X 125417  Y 426255
X 114665  Y 433070
X 125417  Y 439960
X 119929  Y 439960
X 118110  Y 448818
X 125984  Y 456692
X 118110  Y 456692
X 118110  Y 466535
X 125984  Y 466535
X 125984  Y 476377
X 114173  Y 476377
X 114173  Y 488188
X 107775  Y 498523
X 115649  Y 498523
X 115649  Y 508858
X 125492  Y 511811
X 115649  Y 519192
X 105314  Y 519192
X 125984  Y 519192
X 115649  Y 529527
X 115649  Y 536909
X 136318  Y 536909
X 146653  Y 536909
X 136318  Y 529527
X 146653  Y 529527
X 136318  Y 519192
X 146653  Y 519192
X 141732  Y 511811
X 149606  Y 476377
X 137795  Y 476377
X 137795  Y 466535
X 149606  Y 466535
X 133858  Y 456692
X 141732  Y 456692
X 149606  Y 456692
X 129921  Y 448818
X 142716  Y 448818
X 148622  Y 448818
X 130264  Y 439960
X 136811  Y 437007
X 136811  Y 429133
X 130264  Y 426181
X 136811  Y 421259
X 136811  Y 413385
X 129921  Y 413385
X 136811  Y 405511
X 129921  Y 401574
X 142716  Y 393700
X 148622  Y 393700
X 130264  Y 392716
X 141732  Y 389763
X 153543  Y 389763
X 136811  Y 385826
X 130264  Y 378937
X 141732  Y 377952
X 153543  Y 377952
X 141732  Y 366141
X 129921  Y 366141
X 153543  Y 366141
X 141732  Y 354330
X 153543  Y 354330
X 129921  Y 354330
X 153543  Y 342519
X 129921  Y 342519
X 141732  Y 342519
X 153543  Y 330708
X 141732  Y 330708
X 141732  Y 318897
X 129921  Y 318897
X 153543  Y 318897
X 135334  Y 84153
X 165354  Y 318897
X 177165  Y 318897
X 165354  Y 330708
X 177165  Y 330708
X 177165  Y 342519
X 165354  Y 342519
X 177165  Y 354330
X 165354  Y 354330
X 165354  Y 366141
X 177165  Y 366141
X 165354  Y 374015
X 173228  Y 374015
X 173228  Y 381889
X 165354  Y 381889
X 173228  Y 393700
X 165354  Y 393700
X 154527  Y 393700
X 173228  Y 401574
X 165354  Y 401574
X 160433  Y 405511
X 165354  Y 409448
X 173228  Y 409448
X 160433  Y 413385
X 165354  Y 417322
X 173228  Y 417322
X 160433  Y 421259
X 165354  Y 425196
X 173228  Y 425196
X 160433  Y 429133
X 165354  Y 433070
X 173228  Y 433070
X 160433  Y 437007
X 173228  Y 440944
X 165354  Y 440944
X 154527  Y 448818
X 165354  Y 448818
X 173228  Y 448818
X 157480  Y 456692
X 173228  Y 456692
X 165354  Y 456692
X 161417  Y 466535
X 173228  Y 466535
X 173228  Y 476377
X 173228  Y 488188
X 167322  Y 498523
X 177657  Y 498523
X 177657  Y 508858
X 167322  Y 508858
X 157972  Y 511811
X 156988  Y 519192
X 167322  Y 519192
X 177657  Y 519192
X 167322  Y 529527
X 167322  Y 536909
X 187992  Y 536909
X 198326  Y 536909
X 187992  Y 529527
X 198326  Y 529527
X 194881  Y 520177
X 187992  Y 514763
X 201771  Y 514763
X 188066  Y 509275
X 201771  Y 509275
X 187992  Y 504429
X 201771  Y 504429
X 194881  Y 498031
X 185039  Y 488188
X 194881  Y 486220
X 187992  Y 480314
X 201771  Y 480314
X 187992  Y 475393
X 201771  Y 475393
X 187992  Y 470472
X 201771  Y 470472
X 185039  Y 466535
X 188976  Y 456692
X 196850  Y 456692
X 188976  Y 448818
X 196850  Y 448818
X 188976  Y 440944
X 196850  Y 440944
X 201771  Y 437007
X 196850  Y 433070
X 188976  Y 433070
X 201771  Y 429133
X 188976  Y 425196
X 196850  Y 425196
X 201771  Y 421259
X 196850  Y 417322
X 188976  Y 417322
X 201771  Y 413385
X 188976  Y 409448
X 196850  Y 409448
X 201771  Y 405511
X 196850  Y 401574
X 188976  Y 401574
X 196850  Y 393700
X 188976  Y 393700
X 196850  Y 385826
X 188976  Y 385826
X 196850  Y 379921
X 188976  Y 379921
X 188976  Y 366141
X 200787  Y 366141
X 188976  Y 354330
X 200787  Y 354330
X 188976  Y 342519
X 200787  Y 342519
X 200787  Y 330708
X 188976  Y 330708
X 188976  Y 318897
X 200787  Y 318897
X 212598  Y 318897
X 212598  Y 330708
X 212598  Y 342519
X 212598  Y 354330
X 210098  Y 366929
X 209842  Y 371850
X 226377  Y 379921
X 212598  Y 379921
X 204724  Y 379921
X 220472  Y 379921
X 212598  Y 385826
X 204724  Y 385826
X 220472  Y 385826
X 226377  Y 387795
X 213582  Y 393700
X 208661  Y 393700
X 218503  Y 393700
X 225393  Y 395669
X 225393  Y 405511
X 225393  Y 413385
X 225393  Y 421259
X 225393  Y 429133
X 225393  Y 437007
X 228346  Y 448818
X 213582  Y 448818
X 208661  Y 448818
X 218503  Y 448818
X 220472  Y 456692
X 204724  Y 456692
X 228346  Y 456692
X 212598  Y 456692
X 208661  Y 466535
X 220472  Y 466535
X 208661  Y 476377
X 220472  Y 476377
X 208661  Y 488188
X 220472  Y 488188
X 208661  Y 498523
X 218996  Y 498523
X 208661  Y 508858
X 218996  Y 508858
X 208661  Y 519192
X 218996  Y 519192
X 218996  Y 529527
X 208661  Y 529527
X 208661  Y 536909
X 218996  Y 536909
X 229330  Y 536909
X 239665  Y 536909
X 250000  Y 536909
X 229330  Y 529527
X 250000  Y 529527
X 239665  Y 529527
X 240157  Y 519685
X 229330  Y 519192
X 250000  Y 519192
X 233267  Y 514346
X 247047  Y 514346
X 233267  Y 508858
X 247047  Y 508858
X 233267  Y 504011
X 247047  Y 504011
X 229330  Y 498523
X 240157  Y 498523
X 250000  Y 498523
X 232283  Y 488188
X 240157  Y 485802
X 233267  Y 479897
X 247047  Y 479897
X 247047  Y 474975
X 233267  Y 474975
X 233267  Y 470054
X 247047  Y 470054
X 232283  Y 466535
X 251968  Y 458661
X 244094  Y 456692
X 236220  Y 456692
X 244094  Y 448818
X 236220  Y 448818
X 244094  Y 440944
X 236220  Y 440944
X 236220  Y 433070
X 244094  Y 433070
X 230314  Y 433070
X 252342  Y 424803
X 241141  Y 404527
X 242125  Y 392716
X 264271  Y 318897
X 259055  Y 388582
X 255511  Y 404724
X 259055  Y 404724
X 262342  Y 424803
X 275964  Y 424803
X 257342  Y 424803
X 267342  Y 424803
X 256889  Y 458661
X 267716  Y 458661
X 262795  Y 458661
X 275590  Y 458661
X 271653  Y 462598
X 255905  Y 466535
X 271653  Y 468503
X 275590  Y 478346
X 271653  Y 478346
X 267716  Y 478346
X 263779  Y 478346
X 255905  Y 488188
X 260334  Y 498523
X 271653  Y 505413
X 260334  Y 508858
X 270669  Y 508858
X 270669  Y 519192
X 260334  Y 519192
X 270669  Y 529527
X 260334  Y 529527
X 260334  Y 536909
X 270669  Y 536909
X 281003  Y 536909
X 291338  Y 536909
X 301673  Y 536909
X 291338  Y 529527
X 281003  Y 529527
X 301673  Y 529527
X 291338  Y 519192
X 281003  Y 519192
X 301673  Y 519192
X 291338  Y 508858
X 281003  Y 508858
X 301555  Y 508858
X 288385  Y 505413
X 297244  Y 503937
X 280019  Y 499015
X 297244  Y 499015
X 287401  Y 478346
X 283464  Y 478346
X 279527  Y 478346
X 291338  Y 478346
X 301555  Y 474803
X 303149  Y 468503
X 279527  Y 468503
X 295275  Y 468503
X 287401  Y 468503
X 293307  Y 462598
X 283464  Y 462598
X 303149  Y 460629
X 292322  Y 458661
X 280511  Y 458661
X 286417  Y 458661
X 297244  Y 452755
X 303149  Y 452755
X 297244  Y 444881
X 303149  Y 444881
X 303149  Y 437007
X 297244  Y 437007
X 290964  Y 424803
X 280964  Y 424803
X 285964  Y 424803
X 291338  Y 419291
X 311712  Y 131496
X 318897  Y 437007
X 326771  Y 437007
X 311023  Y 437007
X 311023  Y 444881
X 318897  Y 452755
X 311023  Y 452755
X 311023  Y 460629
X 318897  Y 460629
X 326771  Y 460629
X 318897  Y 468503
X 326771  Y 468503
X 311023  Y 468503
X 311555  Y 474803
X 325177  Y 474803
X 316555  Y 474803
X 306555  Y 474803
X 320866  Y 488188
X 320866  Y 496062
X 320866  Y 503937
X 311555  Y 508858
X 306595  Y 508858
X 325177  Y 508858
X 316555  Y 508858
X 312007  Y 519192
X 322342  Y 519192
X 322342  Y 529527
X 312007  Y 529527
X 312007  Y 536909
X 322342  Y 536909
X 332677  Y 536909
X 343011  Y 536909
X 332677  Y 529527
X 343011  Y 529527
X 332677  Y 519192
X 343011  Y 519192
X 335177  Y 508858
X 330217  Y 508858
X 340177  Y 508858
X 344488  Y 508858
X 344488  Y 503937
X 344488  Y 496062
X 344488  Y 488681
X 340177  Y 474803
X 335177  Y 474803
X 330177  Y 474803
X 334645  Y 468503
X 342519  Y 468503
X 342519  Y 460629
X 334645  Y 460629
X 342519  Y 452755
X 334645  Y 452755
X 342519  Y 444881
X 342519  Y 437007
X 334645  Y 437007
X 331200  Y 131397
X 391240  Y 66929
X 415748  Y 78740
X 403543  Y 81200
X 415748  Y 92913
X 404527  Y 93503
X 390748  Y 93503
X 370866  Y 132283
X 425688  Y 153543
X 410925  Y 153543
X 415748  Y 228231
X 415748  Y 242634
X 425688  Y 303149
X 410925  Y 303149
X 415748  Y 377165
X 415748  Y 392913
X 410925  Y 452755
X 425688  Y 452755
X 452083  Y 366141
X 437680  Y 366141
X 470866  Y 366141
X 432283  Y 354330
X 457480  Y 354330
X 451968  Y 347244
X 438131  Y 347244
X 437680  Y 216535
X 452083  Y 216535
X 457480  Y 204724
X 432283  Y 204724
X 437680  Y 66929
X 452083  Y 66929
X 437795  Y 62204
X 451968  Y 62204
X 432283  Y 55118
X 457480  Y 55118
X 437795  Y 48031
X 451968  Y 48031
X 505511  Y 59842
X 505511  Y 78740
X 525196  Y 137007
X 507086  Y 144881
X 525196  Y 151181
X 507086  Y 159055
X 505511  Y 209842
X 505511  Y 227952
X 521259  Y 229921
X 525196  Y 286614
X 507086  Y 294488
X 525196  Y 301181
X 507086  Y 308661
X 505511  Y 359448
X 483464  Y 366141
X 505511  Y 377559
X 521358  Y 379625
X 525196  Y 436220
X 507086  Y 444094
X 525196  Y 450393
X 507086  Y 458267
X 525196  Y 515748
X 525196  Y 534645
X 563664  Y 527559
X 578067  Y 527559
X 579527  Y 396850
X 593700  Y 396850
X 599212  Y 389763
X 574015  Y 389763
X 593700  Y 382677
X 579527  Y 382677
X 540255  Y 379625
X 593815  Y 377952
X 579412  Y 377952
X 579527  Y 247244
X 593700  Y 247244
X 599212  Y 240157
X 574015  Y 240157
X 579527  Y 233070
X 593700  Y 233070
X 540157  Y 229921
X 579412  Y 228346
X 593815  Y 228346
X 652755  Y 55118
X 636220  Y 78346
X 636220  Y 93307
X 605807  Y 141732
X 620570  Y 141732
X 646161  Y 153543
X 631397  Y 153543
X 615748  Y 202362
X 652755  Y 204724
X 615748  Y 216535
X 636220  Y 227952
X 636220  Y 242519
X 620078  Y 291338
X 606299  Y 291338
X 645669  Y 303149
X 631889  Y 303149
X 615748  Y 351968
X 652755  Y 354330
X 615748  Y 366141
X 636220  Y 377559
X 636220  Y 392519
X 620570  Y 440944
X 605807  Y 440944
X 631397  Y 452755
X 646161  Y 452755
X 627263  Y 503248
X 611909  Y 503248
X 619685  Y 511811
X 612598  Y 516872
X 626771  Y 516872
X 626771  Y 530372
X 612598  Y 530372
X 619685  Y 535433
X 658152  Y 366141
X 672555  Y 366141
X 672440  Y 361417
X 658267  Y 361417
X 677952  Y 354330
X 672440  Y 347244
X 658267  Y 347244
X 658152  Y 216535
X 672555  Y 216535
X 658267  Y 211811
X 672440  Y 211811
X 677952  Y 204724
X 672440  Y 197637
X 658267  Y 197637
X 658152  Y 66929
X 672555  Y 66929
X 672440  Y 62204
X 658267  Y 62204
X 677952  Y 55118
X 672440  Y 48031
X 658267  Y 48031
X 725984  Y 60236
X 725984  Y 78346
X 725984  Y 144767
X 725984  Y 159170
X 725984  Y 209448
X 725984  Y 228346
X 725984  Y 294373
X 725984  Y 308776
X 725984  Y 359448
X 725984  Y 377559
X 725984  Y 443979
X 725984  Y 458382
X 745669  Y 534645
X 745669  Y 515748
X 745669  Y 450393
X 745669  Y 436220
X 741732  Y 379527
X 760629  Y 379527
X 746456  Y 300787
X 746456  Y 286614
X 742125  Y 229921
X 760629  Y 229921
X 746456  Y 151181
X 746456  Y 137007
X 826771  Y 141732
X 799885  Y 228346
X 814288  Y 228346
X 800000  Y 233070
X 814173  Y 233070
X 794488  Y 240157
X 819685  Y 240157
X 814173  Y 247244
X 826771  Y 291338
X 814288  Y 377952
X 799885  Y 377952
X 814173  Y 382677
X 800000  Y 382677
X 819685  Y 389763
X 794488  Y 389763
X 800000  Y 396850
X 814173  Y 396850
X 826771  Y 440944
X 798540  Y 527559
X 784137  Y 527559
X 840157  Y 535433
X 833070  Y 530372
X 847244  Y 530372
X 833070  Y 516872
X 847244  Y 516872
X 840157  Y 511811
X 833070  Y 503149
X 843700  Y 498818
X 851870  Y 452755
X 866633  Y 452755
X 840551  Y 440944
X 856692  Y 392519
X 856692  Y 377559
X 836220  Y 366141
X 878625  Y 366141
X 873228  Y 354330
X 836220  Y 351968
X 851870  Y 303149
X 866633  Y 303149
X 840944  Y 291338
X 856692  Y 242913
X 856692  Y 227952
X 878625  Y 216535
X 836220  Y 216535
X 873228  Y 204724
X 836220  Y 202362
X 866633  Y 153543
X 851870  Y 153543
X 840944  Y 141732
X 856692  Y 93307
X 856692  Y 78346
X 878625  Y 66929
X 873228  Y 55118
X 878740  Y 48031
X 892913  Y 48031
X 898425  Y 55118
X 892913  Y 62204
X 878740  Y 62204
X 893028  Y 66929
X 878740  Y 197637
X 892913  Y 197637
X 898425  Y 204724
X 878740  Y 211811
X 892913  Y 211811
X 893028  Y 216535
X 892913  Y 347244
X 878740  Y 347244
X 898425  Y 354330
X 878740  Y 361417
X 892913  Y 361417
X 893028  Y 366141
X 946456  Y 458382
X 946456  Y 444488
X 946456  Y 377559
X 946456  Y 359448
X 946456  Y 308776
X 946456  Y 294488
X 946456  Y 227952
X 946456  Y 209842
X 946456  Y 159170
X 946456  Y 144767
X 946456  Y 78346
X 946456  Y 60236

Drill: .04  Tool: 5  Feed: 0  Speed: 0
X 100354  Y 64173
X 90354  Y 64173
X 120354  Y 64173
X 110354  Y 64173
X 100354  Y 74173
X 120354  Y 74173
X 90354  Y 74173
X 110354  Y 74173
X 150354  Y 74173
X 140354  Y 74173
X 130354  Y 74173
X 170354  Y 74173
X 160354  Y 74173
X 200354  Y 74173
X 190354  Y 74173
X 180354  Y 74173
X 160354  Y 64173
X 130354  Y 64173
X 200354  Y 64173
X 140354  Y 64173
X 190354  Y 64173
X 170354  Y 64173
X 180354  Y 64173
X 150354  Y 64173
X 220354  Y 64173
X 210354  Y 64173
X 240354  Y 64173
X 230354  Y 64173
X 220354  Y 74173
X 240354  Y 74173
X 210354  Y 74173
X 230354  Y 74173

Drill: .07  Tool: 6  Feed: 0  Speed: 0
X 66177  Y 486374
X 82677  Y 486374
X 99177  Y 486374
X 125232  Y 486374
X 66177  Y 502874
X 82677  Y 502874
X 125232  Y 502874
X 99177  Y 502874
X 141732  Y 502874
X 158232  Y 502874
X 141732  Y 486374
X 158232  Y 486374

Drill: .11024  Tool: 7  Feed: 0  Speed: 0
X 70354  Y 54173
X 260354  Y 54173

Drill: .118  Tool: 8  Feed: 0  Speed: 0
X 66177  Y 531574
X 99177  Y 531574
X 125232  Y 531574
X 158232  Y 531574

End of Listing
